#
# There is insufficient memory for the Java Runtime Environment to continue.
# Native memory allocation (malloc) failed to allocate 2241024 bytes. Error detail: Chunk::new
# Possible reasons:
#   The system is out of physical RAM or swap space
#   This process is running with CompressedOops enabled, and the Java Heap may be blocking the growth of the native heap
# Possible solutions:
#   Reduce memory load on the system
#   Increase physical memory or swap space
#   Check if swap backing store is full
#   Decrease Java heap size (-Xmx/-Xms)
#   Decrease number of Java threads
#   Decrease Java thread stack sizes (-Xss)
#   Set larger code cache with -XX:ReservedCodeCacheSize=
#   JVM is running with Unscaled Compressed Oops mode in which the Java heap is
#     placed in the first 4GB address space. The Java Heap base address is the
#     maximum limit for the native heap growth. Please use -XX:HeapBaseMinAddress
#     to set the Java Heap base and to place the Java Heap above 4GB virtual address.
# This output file may be truncated or incomplete.
#
#  Out of Memory Error (arena.cpp:168), pid=7164, tid=1480
#
# JRE version: OpenJDK Runtime Environment Temurin-21.0.10+7 (21.0.10+7) (build 21.0.10+7-LTS)
# Java VM: OpenJDK 64-Bit Server VM Temurin-21.0.10+7 (21.0.10+7-LTS, mixed mode, sharing, tiered, compressed oops, compressed class ptrs, parallel gc, windows-amd64)
# No core dump will be written. Minidumps are not enabled by default on client versions of Windows
#

---------------  S U M M A R Y ------------

Command Line: --add-modules=ALL-SYSTEM --add-opens=java.base/java.util=ALL-UNNAMED --add-opens=java.base/java.lang=ALL-UNNAMED --add-opens=java.base/sun.nio.fs=ALL-UNNAMED -Declipse.application=org.eclipse.jdt.ls.core.id1 -Dosgi.bundles.defaultStartLevel=4 -Declipse.product=org.eclipse.jdt.ls.core.product -Djava.import.generatesMetadataFilesAtProjectRoot=false -DDetectVMInstallationsJob.disabled=true -Dfile.encoding=utf8 -XX:+UseParallelGC -XX:GCTimeRatio=4 -XX:AdaptiveSizePolicyWeight=90 -Dsun.zip.disableMemoryMapping=true -Xmx2G -Xms100m -Xlog:disable -javaagent:c:\Users\pc\.antigravity\extensions\redhat.java-1.54.0-win32-x64\lombok\lombok-1.18.39-4050.jar -XX:+HeapDumpOnOutOfMemoryError -XX:HeapDumpPath=c:\Users\pc\AppData\Roaming\Antigravity\User\workspaceStorage\8031a5d436490f66bb03453b0c0568b8\redhat.java -Daether.dependencyCollector.impl=bf c:\Users\pc\.antigravity\extensions\redhat.java-1.54.0-win32-x64\server\plugins\org.eclipse.equinox.launcher_1.7.100.v20251111-0406.jar -configuration c:\Users\pc\AppData\Roaming\Antigravity\User\globalStorage\redhat.java\1.54.0\config_win -data c:\Users\pc\AppData\Roaming\Antigravity\User\workspaceStorage\8031a5d436490f66bb03453b0c0568b8\redhat.java\jdt_ws --pipe=\\.\pipe\lsp-d75776cc1274a7381142a44de08a479d-sock

Host: Intel(R) Core(TM) i5-1035G1 CPU @ 1.00GHz, 8 cores, 7G,  Windows 11 , 64 bit Build 26100 (10.0.26100.7920)
Time: Fri Apr 17 22:10:01 2026 Sri Lanka Standard Time elapsed time: 32.331718 seconds (0d 0h 0m 32s)

---------------  T H R E A D  ---------------

Current thread (0x000002dce00c5720):  JavaThread "C2 CompilerThread1" daemon [_thread_in_native, id=1480, stack(0x000000ff83b00000,0x000000ff83c00000) (1024K)]


Current CompileTask:
C2:32332 5190   !   4       org.eclipse.osgi.internal.loader.classpath.ClasspathManager::defineClass (636 bytes)

Stack: [0x000000ff83b00000,0x000000ff83c00000]
Native frames: (J=compiled Java code, j=interpreted, Vv=VM code, C=native code)
V  [jvm.dll+0x6d7a39]
V  [jvm.dll+0x8b4b26]
V  [jvm.dll+0x8b70de]
V  [jvm.dll+0x8b77c3]
V  [jvm.dll+0x284346]
V  [jvm.dll+0xc66ed]
V  [jvm.dll+0xc6c31]
V  [jvm.dll+0x3bec3b]
V  [jvm.dll+0x1e3f69]
V  [jvm.dll+0x24c6b3]
V  [jvm.dll+0x24bb40]
V  [jvm.dll+0x1cb34e]
V  [jvm.dll+0x25b85d]
V  [jvm.dll+0x259dea]
V  [jvm.dll+0x3f857e]
V  [jvm.dll+0x85f59d]
V  [jvm.dll+0x6d626d]
C  [ucrtbase.dll+0x37b0]
C  [KERNEL32.DLL+0x2e8d7]
C  [ntdll.dll+0x8c48c]


---------------  P R O C E S S  ---------------

Threads class SMR info:
_java_thread_list=0x000002dce1f7f650, length=38, elements={
0x000002dcc38429b0, 0x000002dcc38fc400, 0x000002dcc37b3f10, 0x000002dcc37b6f10,
0x000002dcc37b9f30, 0x000002dcc37bc9a0, 0x000002dcc37bd400, 0x000002dcc37be190,
0x000002dcdba88070, 0x000002dcdbc906d0, 0x000002dcdbdaa310, 0x000002dce08ca640,
0x000002dce0ae3800, 0x000002dce0568980, 0x000002dce05e04f0, 0x000002dce0ccb9b0,
0x000002dce02f4c80, 0x000002dce0037070, 0x000002dce0034280, 0x000002dce00369e0,
0x000002dce0034910, 0x000002dce0034fa0, 0x000002dce00c5720, 0x000002dce00c5df0,
0x000002dce0035cc0, 0x000002dce2b75370, 0x000002dce2b76720, 0x000002dce2b76db0,
0x000002dce2b75a00, 0x000002dce2b77ad0, 0x000002dce2b78e80, 0x000002dce2b77440,
0x000002dce2b787f0, 0x000002dce2b78160, 0x000002dce2b76090, 0x000002dce2b7c990,
0x000002dce2b79510, 0x000002dce2b7a230
}

Java Threads: ( => current thread )
  0x000002dcc38429b0 JavaThread "main"                              [_thread_in_vm, id=6504, stack(0x000000ff81e00000,0x000000ff81f00000) (1024K)]
  0x000002dcc38fc400 JavaThread "Reference Handler"          daemon [_thread_blocked, id=25984, stack(0x000000ff82200000,0x000000ff82300000) (1024K)]
  0x000002dcc37b3f10 JavaThread "Finalizer"                  daemon [_thread_blocked, id=21304, stack(0x000000ff82300000,0x000000ff82400000) (1024K)]
  0x000002dcc37b6f10 JavaThread "Signal Dispatcher"          daemon [_thread_blocked, id=21044, stack(0x000000ff82400000,0x000000ff82500000) (1024K)]
  0x000002dcc37b9f30 JavaThread "Attach Listener"            daemon [_thread_blocked, id=14676, stack(0x000000ff82500000,0x000000ff82600000) (1024K)]
  0x000002dcc37bc9a0 JavaThread "Service Thread"             daemon [_thread_blocked, id=11200, stack(0x000000ff82600000,0x000000ff82700000) (1024K)]
  0x000002dcc37bd400 JavaThread "Monitor Deflation Thread"   daemon [_thread_blocked, id=18576, stack(0x000000ff82700000,0x000000ff82800000) (1024K)]
  0x000002dcc37be190 JavaThread "C2 CompilerThread0"         daemon [_thread_in_native, id=6944, stack(0x000000ff82800000,0x000000ff82900000) (1024K)]
  0x000002dcdba88070 JavaThread "C1 CompilerThread0"         daemon [_thread_in_native, id=24480, stack(0x000000ff82900000,0x000000ff82a00000) (1024K)]
  0x000002dcdbc906d0 JavaThread "Common-Cleaner"             daemon [_thread_blocked, id=23496, stack(0x000000ff82b00000,0x000000ff82c00000) (1024K)]
  0x000002dcdbdaa310 JavaThread "Notification Thread"        daemon [_thread_blocked, id=28616, stack(0x000000ff82a00000,0x000000ff82b00000) (1024K)]
  0x000002dce08ca640 JavaThread "Active Thread: Equinox Container: 3216aa05-069e-4548-aefd-21655b9664ae"        [_thread_blocked, id=1644, stack(0x000000ff83400000,0x000000ff83500000) (1024K)]
  0x000002dce0ae3800 JavaThread "Refresh Thread: Equinox Container: 3216aa05-069e-4548-aefd-21655b9664ae" daemon [_thread_blocked, id=23516, stack(0x000000ff83500000,0x000000ff83600000) (1024K)]
  0x000002dce0568980 JavaThread "Framework Event Dispatcher: Equinox Container: 3216aa05-069e-4548-aefd-21655b9664ae" daemon [_thread_blocked, id=25604, stack(0x000000ff82c00000,0x000000ff82d00000) (1024K)]
  0x000002dce05e04f0 JavaThread "Start Level: Equinox Container: 3216aa05-069e-4548-aefd-21655b9664ae" daemon [_thread_blocked, id=14692, stack(0x000000ff83600000,0x000000ff83700000) (1024K)]
  0x000002dce0ccb9b0 JavaThread "Bundle File Closer"         daemon [_thread_blocked, id=2624, stack(0x000000ff83900000,0x000000ff83a00000) (1024K)]
  0x000002dce02f4c80 JavaThread "SCR Component Actor"        daemon [_thread_blocked, id=7352, stack(0x000000ff83700000,0x000000ff83800000) (1024K)]
  0x000002dce0037070 JavaThread "Worker-JM"                         [_thread_blocked, id=16248, stack(0x000000ff83a00000,0x000000ff83b00000) (1024K)]
  0x000002dce0034280 JavaThread "JNA Cleaner"                daemon [_thread_blocked, id=14180, stack(0x000000ff83800000,0x000000ff83900000) (1024K)]
  0x000002dce00369e0 JavaThread "Worker-0: Repository registry initialization"        [_thread_blocked, id=7316, stack(0x000000ff83c00000,0x000000ff83d00000) (1024K)]
  0x000002dce0034910 JavaThread "Worker-1: Processing Java changes since last activation"        [_thread_in_vm, id=17428, stack(0x000000ff83d00000,0x000000ff83e00000) (1024K)]
  0x000002dce0034fa0 JavaThread "Worker-2"                          [_thread_blocked, id=16032, stack(0x000000ff83e00000,0x000000ff83f00000) (1024K)]
=>0x000002dce00c5720 JavaThread "C2 CompilerThread1"         daemon [_thread_in_native, id=1480, stack(0x000000ff83b00000,0x000000ff83c00000) (1024K)]
  0x000002dce00c5df0 JavaThread "C2 CompilerThread2"         daemon [_thread_in_native, id=12252, stack(0x000000ff83f00000,0x000000ff84000000) (1024K)]
  0x000002dce0035cc0 JavaThread "Java indexing"              daemon [_thread_in_vm, id=10264, stack(0x000000ff84000000,0x000000ff84100000) (1024K)]
  0x000002dce2b75370 JavaThread "Worker-3: Java indexing... "        [_thread_blocked, id=16160, stack(0x000000ff84100000,0x000000ff84200000) (1024K)]
  0x000002dce2b76720 JavaThread "Worker-4"                          [_thread_blocked, id=20236, stack(0x000000ff84200000,0x000000ff84300000) (1024K)]
  0x000002dce2b76db0 JavaThread "Worker-5"                          [_thread_blocked, id=7952, stack(0x000000ff84500000,0x000000ff84600000) (1024K)]
  0x000002dce2b75a00 JavaThread "Thread-1"                   daemon [_thread_in_native, id=16236, stack(0x000000ff84600000,0x000000ff84700000) (1024K)]
  0x000002dce2b77ad0 JavaThread "Thread-2"                   daemon [_thread_in_native, id=14544, stack(0x000000ff84700000,0x000000ff84800000) (1024K)]
  0x000002dce2b78e80 JavaThread "Thread-3"                   daemon [_thread_in_native, id=22200, stack(0x000000ff84800000,0x000000ff84900000) (1024K)]
  0x000002dce2b77440 JavaThread "Thread-4"                   daemon [_thread_in_native, id=24772, stack(0x000000ff84900000,0x000000ff84a00000) (1024K)]
  0x000002dce2b787f0 JavaThread "Thread-5"                   daemon [_thread_in_native, id=22488, stack(0x000000ff84a00000,0x000000ff84b00000) (1024K)]
  0x000002dce2b78160 JavaThread "Thread-6"                   daemon [_thread_in_native, id=1112, stack(0x000000ff84b00000,0x000000ff84c00000) (1024K)]
  0x000002dce2b76090 JavaThread "Thread-7"                   daemon [_thread_in_native, id=25632, stack(0x000000ff84c00000,0x000000ff84d00000) (1024K)]
  0x000002dce2b7c990 JavaThread "Thread-8"                   daemon [_thread_in_native, id=24532, stack(0x000000ff84d00000,0x000000ff84e00000) (1024K)]
  0x000002dce2b79510 JavaThread "Thread-9"                   daemon [_thread_in_native, id=26560, stack(0x000000ff84e00000,0x000000ff84f00000) (1024K)]
  0x000002dce2b7a230 JavaThread "pool-2-thread-1"                   [_thread_blocked, id=28220, stack(0x000000ff84f00000,0x000000ff85000000) (1024K)]
Total: 38

Other Threads:
  0x000002dcc38df8e0 VMThread "VM Thread"                           [id=3632, stack(0x000000ff82100000,0x000000ff82200000) (1024K)] _threads_hazard_ptr=0x000002dce1f7f650
  0x000002dcc38add50 WatcherThread "VM Periodic Task Thread"        [id=27500, stack(0x000000ff82000000,0x000000ff82100000) (1024K)]
  0x000002dcc385fe10 WorkerThread "GC Thread#0"                     [id=24864, stack(0x000000ff81f00000,0x000000ff82000000) (1024K)]
  0x000002dce04c4d40 WorkerThread "GC Thread#1"                     [id=24124, stack(0x000000ff82e00000,0x000000ff82f00000) (1024K)]
  0x000002dce04c50f0 WorkerThread "GC Thread#2"                     [id=28348, stack(0x000000ff82f00000,0x000000ff83000000) (1024K)]
  0x000002dce0898b60 WorkerThread "GC Thread#3"                     [id=22616, stack(0x000000ff83000000,0x000000ff83100000) (1024K)]
  0x000002dce0898f10 WorkerThread "GC Thread#4"                     [id=25840, stack(0x000000ff83100000,0x000000ff83200000) (1024K)]
  0x000002dce0752270 WorkerThread "GC Thread#5"                     [id=2516, stack(0x000000ff83200000,0x000000ff83300000) (1024K)]
  0x000002dce0752620 WorkerThread "GC Thread#6"                     [id=4452, stack(0x000000ff83300000,0x000000ff83400000) (1024K)]
  0x000002dce022c710 WorkerThread "GC Thread#7"                     [id=8720, stack(0x000000ff82d00000,0x000000ff82e00000) (1024K)]
Total: 10

Threads with active compile tasks:
C2 CompilerThread0  32489 6043       4       java.lang.invoke.MethodType::makeImpl (109 bytes)
C1 CompilerThread0  32490 6146       3       java.lang.invoke.AbstractValidatingLambdaMetafactory::checkDescriptor (133 bytes)
C2 CompilerThread1  32492 5190   !   4       org.eclipse.osgi.internal.loader.classpath.ClasspathManager::defineClass (636 bytes)
C2 CompilerThread2  32518 6135       4       jdk.internal.util.ArraysSupport::hashCode (33 bytes)
Total: 4

VM state: not at safepoint (normal execution)

VM Mutex/Monitor currently owned by a thread: None

Heap address: 0x0000000080000000, size: 2048 MB, Compressed Oops mode: 32-bit

CDS archive(s) mapped at: [0x000002dc80000000-0x000002dc80ba0000-0x000002dc80ba0000), size 12189696, SharedBaseAddress: 0x000002dc80000000, ArchiveRelocationMode: 1.
Compressed class space mapped at: 0x000002dc81000000-0x000002dcc1000000, reserved size: 1073741824
Narrow klass base: 0x000002dc80000000, Narrow klass shift: 0, Narrow klass range: 0x100000000

GC Precious Log:
 CardTable entry size: 512
 CPUs: 8 total, 8 available
 Memory: 7959M
 Large Page Support: Disabled
 NUMA Support: Disabled
 Compressed Oops: Enabled (32-bit)
 Alignments: Space 512K, Generation 512K, Heap 2M
 Heap Min Capacity: 100M
 Heap Initial Capacity: 100M
 Heap Max Capacity: 2G
 Pre-touch: Disabled
 Parallel Workers: 8

Heap:
 PSYoungGen      total 24576K, used 5421K [0x00000000d5580000, 0x00000000d7000000, 0x0000000100000000)
  eden space 22016K, 15% used [0x00000000d5580000,0x00000000d58e0fa8,0x00000000d6b00000)
  from space 2560K, 76% used [0x00000000d6d80000,0x00000000d6f6a5a0,0x00000000d7000000)
  to   space 2560K, 0% used [0x00000000d6b00000,0x00000000d6b00000,0x00000000d6d80000)
 ParOldGen       total 68608K, used 23838K [0x0000000080000000, 0x0000000084300000, 0x00000000d5580000)
  object space 68608K, 34% used [0x0000000080000000,0x00000000817478c8,0x0000000084300000)
 Metaspace       used 45614K, committed 46848K, reserved 1114112K
  class space    used 4990K, committed 5568K, reserved 1048576K

Card table byte_map: [0x000002dcc31e0000,0x000002dcc35f0000] _byte_map_base: 0x000002dcc2de0000

Marking Bits: (ParMarkBitMap*) 0x00007ff9e7fd3450
 Begin Bits: [0x000002dcd5cf0000, 0x000002dcd7cf0000)
 End Bits:   [0x000002dcd7cf0000, 0x000002dcd9cf0000)

Polling page: 0x000002dcc1660000

Metaspace:

Usage:
  Non-class:     39.67 MB used.
      Class:      4.87 MB used.
       Both:     44.55 MB used.

Virtual space:
  Non-class space:       64.00 MB reserved,      40.31 MB ( 63%) committed,  1 nodes.
      Class space:        1.00 GB reserved,       5.44 MB ( <1%) committed,  1 nodes.
             Both:        1.06 GB reserved,      45.75 MB (  4%) committed. 

Chunk freelists:
   Non-Class:  7.02 MB
       Class:  10.55 MB
        Both:  17.56 MB

MaxMetaspaceSize: unlimited
CompressedClassSpaceSize: 1.00 GB
Initial GC threshold: 21.00 MB
Current GC threshold: 58.38 MB
CDS: on
 - commit_granule_bytes: 65536.
 - commit_granule_words: 8192.
 - virtual_space_node_default_size: 8388608.
 - enlarge_chunks_in_place: 1.
 - use_allocation_guard: 0.


Internal statistics:

num_allocs_failed_limit: 6.
num_arena_births: 970.
num_arena_deaths: 14.
num_vsnodes_births: 2.
num_vsnodes_deaths: 0.
num_space_committed: 732.
num_space_uncommitted: 0.
num_chunks_returned_to_freelist: 20.
num_chunks_taken_from_freelist: 3173.
num_chunk_merges: 9.
num_chunk_splits: 1873.
num_chunks_enlarged: 931.
num_inconsistent_stats: 0.

CodeHeap 'non-profiled nmethods': size=120000Kb used=2558Kb max_used=2558Kb free=117441Kb
 bounds [0x000002dcce510000, 0x000002dcce790000, 0x000002dcd5a40000]
CodeHeap 'profiled nmethods': size=120000Kb used=10902Kb max_used=10902Kb free=109097Kb
 bounds [0x000002dcc6a40000, 0x000002dcc74f0000, 0x000002dccdf70000]
CodeHeap 'non-nmethods': size=5760Kb used=1379Kb max_used=1412Kb free=4380Kb
 bounds [0x000002dccdf70000, 0x000002dcce1e0000, 0x000002dcce510000]
CodeCache: size=245760Kb, used=14839Kb, max_used=14872Kb, free=230918Kb
 total_blobs=6168, nmethods=5499, adapters=575, full_count=0
Compilation: enabled, stopped_count=0, restarted_count=0

Compilation events (20 events):
Event: 31.252 Thread 0x000002dcdba88070 nmethod 6105 0x000002dcc74d5290 code [0x000002dcc74d5440, 0x000002dcc74d5658]
Event: 31.252 Thread 0x000002dcdba88070 6098       3       java.lang.invoke.DirectMethodHandle$Holder::newInvokeSpecial (21 bytes)
Event: 31.254 Thread 0x000002dcdba88070 nmethod 6098 0x000002dcc74d5710 code [0x000002dcc74d5900, 0x000002dcc74d5fd0]
Event: 31.267 Thread 0x000002dcdba88070 6107       3       com.google.common.collect.LinkedHashMultimap$ValueSet::succeedsInValueSet (37 bytes)
Event: 31.269 Thread 0x000002dcdba88070 nmethod 6107 0x000002dcc74d6190 code [0x000002dcc74d6340, 0x000002dcc74d6628]
Event: 31.269 Thread 0x000002dcdba88070 6108       3       com.google.common.collect.LinkedHashMultimap$MultimapIterationChain::succeeds (37 bytes)
Event: 31.270 Thread 0x000002dcdba88070 nmethod 6108 0x000002dcc74d6790 code [0x000002dcc74d6940, 0x000002dcc74d6c28]
Event: 31.270 Thread 0x000002dcdba88070 6109       3       java.lang.invoke.BoundMethodHandle$Species_LLL::make (14 bytes)
Event: 31.272 Thread 0x000002dcdba88070 nmethod 6109 0x000002dcc74d6d90 code [0x000002dcc74d6f40, 0x000002dcc74d71a0]
Event: 31.296 Thread 0x000002dcdba88070 6110       3       com.google.common.collect.LinkedHashMultimap::remove (7 bytes)
Event: 31.299 Thread 0x000002dcdba88070 nmethod 6110 0x000002dcc74d7310 code [0x000002dcc74d7540, 0x000002dcc74d7e40]
Event: 31.299 Thread 0x000002dcdba88070 6113       2       jdk.internal.util.StrongReferenceKey::equals (28 bytes)
Event: 31.301 Thread 0x000002dcdba88070 nmethod 6113 0x000002dcc74d8110 code [0x000002dcc74d82e0, 0x000002dcc74d8540]
Event: 31.301 Thread 0x000002dcdba88070 6114       3       java.lang.Class::copyMethods (36 bytes)
Event: 31.307 Thread 0x000002dcdba88070 nmethod 6114 0x000002dcc74d8610 code [0x000002dcc74d8860, 0x000002dcc74d9250]
Event: 31.309 Thread 0x000002dcdba88070 6111       3       com.google.common.collect.AbstractMultimap::remove (34 bytes)
Event: 31.311 Thread 0x000002dcdba88070 nmethod 6111 0x000002dcc74d9710 code [0x000002dcc74d9900, 0x000002dcc74d9e00]
Event: 31.311 Thread 0x000002dcdba88070 6112       3       com.google.common.collect.AbstractMapBasedMultimap$WrappedCollection::remove (33 bytes)
Event: 31.312 Thread 0x000002dcdba88070 nmethod 6112 0x000002dcc74d9f90 code [0x000002dcc74da160, 0x000002dcc74da560]
Event: 31.336 Thread 0x000002dcdba88070 6115       3       jdk.internal.util.ArraysSupport::hashCode (33 bytes)

GC Heap History (20 events):
Event: 21.637 GC heap before
{Heap before GC invocations=11 (full 1):
 PSYoungGen      total 25088K, used 24983K [0x00000000d5580000, 0x00000000d7300000, 0x0000000100000000)
  eden space 23552K, 100% used [0x00000000d5580000,0x00000000d6c80000,0x00000000d6c80000)
  from space 1536K, 93% used [0x00000000d6e00000,0x00000000d6f65fc8,0x00000000d6f80000)
  to   space 2048K, 0% used [0x00000000d7100000,0x00000000d7100000,0x00000000d7300000)
 ParOldGen       total 68608K, used 13341K [0x0000000080000000, 0x0000000084300000, 0x00000000d5580000)
  object space 68608K, 19% used [0x0000000080000000,0x0000000080d077d8,0x0000000084300000)
 Metaspace       used 29059K, committed 30080K, reserved 1114112K
  class space    used 3017K, committed 3456K, reserved 1048576K
}
Event: 21.646 GC heap after
{Heap after GC invocations=11 (full 1):
 PSYoungGen      total 24576K, used 1066K [0x00000000d5580000, 0x00000000d7280000, 0x0000000100000000)
  eden space 23040K, 0% used [0x00000000d5580000,0x00000000d5580000,0x00000000d6c00000)
  from space 1536K, 69% used [0x00000000d7100000,0x00000000d720abb8,0x00000000d7280000)
  to   space 1536K, 0% used [0x00000000d6f80000,0x00000000d6f80000,0x00000000d7100000)
 ParOldGen       total 68608K, used 14207K [0x0000000080000000, 0x0000000084300000, 0x00000000d5580000)
  object space 68608K, 20% used [0x0000000080000000,0x0000000080ddfe90,0x0000000084300000)
 Metaspace       used 29059K, committed 30080K, reserved 1114112K
  class space    used 3017K, committed 3456K, reserved 1048576K
}
Event: 22.344 GC heap before
{Heap before GC invocations=12 (full 1):
 PSYoungGen      total 24576K, used 24106K [0x00000000d5580000, 0x00000000d7280000, 0x0000000100000000)
  eden space 23040K, 100% used [0x00000000d5580000,0x00000000d6c00000,0x00000000d6c00000)
  from space 1536K, 69% used [0x00000000d7100000,0x00000000d720abb8,0x00000000d7280000)
  to   space 1536K, 0% used [0x00000000d6f80000,0x00000000d6f80000,0x00000000d7100000)
 ParOldGen       total 68608K, used 14207K [0x0000000080000000, 0x0000000084300000, 0x00000000d5580000)
  object space 68608K, 20% used [0x0000000080000000,0x0000000080ddfe90,0x0000000084300000)
 Metaspace       used 30028K, committed 31040K, reserved 1114112K
  class space    used 3107K, committed 3520K, reserved 1048576K
}
Event: 22.356 GC heap after
{Heap after GC invocations=12 (full 1):
 PSYoungGen      total 23552K, used 763K [0x00000000d5580000, 0x00000000d7180000, 0x0000000100000000)
  eden space 22528K, 0% used [0x00000000d5580000,0x00000000d5580000,0x00000000d6b80000)
  from space 1024K, 74% used [0x00000000d6f80000,0x00000000d703ef30,0x00000000d7080000)
  to   space 1024K, 0% used [0x00000000d7080000,0x00000000d7080000,0x00000000d7180000)
 ParOldGen       total 68608K, used 16576K [0x0000000080000000, 0x0000000084300000, 0x00000000d5580000)
  object space 68608K, 24% used [0x0000000080000000,0x0000000081030218,0x0000000084300000)
 Metaspace       used 30028K, committed 31040K, reserved 1114112K
  class space    used 3107K, committed 3520K, reserved 1048576K
}
Event: 23.457 GC heap before
{Heap before GC invocations=13 (full 1):
 PSYoungGen      total 23552K, used 23291K [0x00000000d5580000, 0x00000000d7180000, 0x0000000100000000)
  eden space 22528K, 100% used [0x00000000d5580000,0x00000000d6b80000,0x00000000d6b80000)
  from space 1024K, 74% used [0x00000000d6f80000,0x00000000d703ef30,0x00000000d7080000)
  to   space 1024K, 0% used [0x00000000d7080000,0x00000000d7080000,0x00000000d7180000)
 ParOldGen       total 68608K, used 16576K [0x0000000080000000, 0x0000000084300000, 0x00000000d5580000)
  object space 68608K, 24% used [0x0000000080000000,0x0000000081030218,0x0000000084300000)
 Metaspace       used 31926K, committed 32960K, reserved 1114112K
  class space    used 3313K, committed 3776K, reserved 1048576K
}
Event: 23.465 GC heap after
{Heap after GC invocations=13 (full 1):
 PSYoungGen      total 23040K, used 832K [0x00000000d5580000, 0x00000000d7180000, 0x0000000100000000)
  eden space 22016K, 0% used [0x00000000d5580000,0x00000000d5580000,0x00000000d6b00000)
  from space 1024K, 81% used [0x00000000d7080000,0x00000000d7150000,0x00000000d7180000)
  to   space 1024K, 0% used [0x00000000d6f80000,0x00000000d6f80000,0x00000000d7080000)
 ParOldGen       total 68608K, used 17090K [0x0000000080000000, 0x0000000084300000, 0x00000000d5580000)
  object space 68608K, 24% used [0x0000000080000000,0x00000000810b0a48,0x0000000084300000)
 Metaspace       used 31926K, committed 32960K, reserved 1114112K
  class space    used 3313K, committed 3776K, reserved 1048576K
}
Event: 24.582 GC heap before
{Heap before GC invocations=14 (full 1):
 PSYoungGen      total 23040K, used 22848K [0x00000000d5580000, 0x00000000d7180000, 0x0000000100000000)
  eden space 22016K, 100% used [0x00000000d5580000,0x00000000d6b00000,0x00000000d6b00000)
  from space 1024K, 81% used [0x00000000d7080000,0x00000000d7150000,0x00000000d7180000)
  to   space 1024K, 0% used [0x00000000d6f80000,0x00000000d6f80000,0x00000000d7080000)
 ParOldGen       total 68608K, used 17090K [0x0000000080000000, 0x0000000084300000, 0x00000000d5580000)
  object space 68608K, 24% used [0x0000000080000000,0x00000000810b0a48,0x0000000084300000)
 Metaspace       used 34466K, committed 35584K, reserved 1114112K
  class space    used 3580K, committed 4032K, reserved 1048576K
}
Event: 24.589 GC heap after
{Heap after GC invocations=14 (full 1):
 PSYoungGen      total 23040K, used 1022K [0x00000000d5580000, 0x00000000d7100000, 0x0000000100000000)
  eden space 22016K, 0% used [0x00000000d5580000,0x00000000d5580000,0x00000000d6b00000)
  from space 1024K, 99% used [0x00000000d6f80000,0x00000000d707f888,0x00000000d7080000)
  to   space 512K, 0% used [0x00000000d7080000,0x00000000d7080000,0x00000000d7100000)
 ParOldGen       total 68608K, used 18163K [0x0000000080000000, 0x0000000084300000, 0x00000000d5580000)
  object space 68608K, 26% used [0x0000000080000000,0x00000000811bcd20,0x0000000084300000)
 Metaspace       used 34466K, committed 35584K, reserved 1114112K
  class space    used 3580K, committed 4032K, reserved 1048576K
}
Event: 24.770 GC heap before
{Heap before GC invocations=15 (full 1):
 PSYoungGen      total 23040K, used 4643K [0x00000000d5580000, 0x00000000d7100000, 0x0000000100000000)
  eden space 22016K, 16% used [0x00000000d5580000,0x00000000d5909748,0x00000000d6b00000)
  from space 1024K, 99% used [0x00000000d6f80000,0x00000000d707f888,0x00000000d7080000)
  to   space 512K, 0% used [0x00000000d7080000,0x00000000d7080000,0x00000000d7100000)
 ParOldGen       total 68608K, used 18163K [0x0000000080000000, 0x0000000084300000, 0x00000000d5580000)
  object space 68608K, 26% used [0x0000000080000000,0x00000000811bcd20,0x0000000084300000)
 Metaspace       used 34809K, committed 35840K, reserved 1114112K
  class space    used 3625K, committed 4096K, reserved 1048576K
}
Event: 24.779 GC heap after
{Heap after GC invocations=15 (full 1):
 PSYoungGen      total 22528K, used 496K [0x00000000d5580000, 0x00000000d7100000, 0x0000000100000000)
  eden space 22016K, 0% used [0x00000000d5580000,0x00000000d5580000,0x00000000d6b00000)
  from space 512K, 96% used [0x00000000d7080000,0x00000000d70fc010,0x00000000d7100000)
  to   space 2048K, 0% used [0x00000000d6d00000,0x00000000d6d00000,0x00000000d6f00000)
 ParOldGen       total 68608K, used 19176K [0x0000000080000000, 0x0000000084300000, 0x00000000d5580000)
  object space 68608K, 27% used [0x0000000080000000,0x00000000812ba350,0x0000000084300000)
 Metaspace       used 34809K, committed 35840K, reserved 1114112K
  class space    used 3625K, committed 4096K, reserved 1048576K
}
Event: 24.779 GC heap before
{Heap before GC invocations=16 (full 2):
 PSYoungGen      total 22528K, used 496K [0x00000000d5580000, 0x00000000d7100000, 0x0000000100000000)
  eden space 22016K, 0% used [0x00000000d5580000,0x00000000d5580000,0x00000000d6b00000)
  from space 512K, 96% used [0x00000000d7080000,0x00000000d70fc010,0x00000000d7100000)
  to   space 2048K, 0% used [0x00000000d6d00000,0x00000000d6d00000,0x00000000d6f00000)
 ParOldGen       total 68608K, used 19176K [0x0000000080000000, 0x0000000084300000, 0x00000000d5580000)
  object space 68608K, 27% used [0x0000000080000000,0x00000000812ba350,0x0000000084300000)
 Metaspace       used 34809K, committed 35840K, reserved 1114112K
  class space    used 3625K, committed 4096K, reserved 1048576K
}
Event: 24.959 GC heap after
{Heap after GC invocations=16 (full 2):
 PSYoungGen      total 22528K, used 0K [0x00000000d5580000, 0x00000000d7100000, 0x0000000100000000)
  eden space 22016K, 0% used [0x00000000d5580000,0x00000000d5580000,0x00000000d6b00000)
  from space 512K, 0% used [0x00000000d7080000,0x00000000d7080000,0x00000000d7100000)
  to   space 2048K, 0% used [0x00000000d6d00000,0x00000000d6d00000,0x00000000d6f00000)
 ParOldGen       total 68608K, used 18880K [0x0000000080000000, 0x0000000084300000, 0x00000000d5580000)
  object space 68608K, 27% used [0x0000000080000000,0x00000000812700c0,0x0000000084300000)
 Metaspace       used 34809K, committed 35840K, reserved 1114112K
  class space    used 3625K, committed 4096K, reserved 1048576K
}
Event: 26.274 GC heap before
{Heap before GC invocations=17 (full 2):
 PSYoungGen      total 22528K, used 22016K [0x00000000d5580000, 0x00000000d7100000, 0x0000000100000000)
  eden space 22016K, 100% used [0x00000000d5580000,0x00000000d6b00000,0x00000000d6b00000)
  from space 512K, 0% used [0x00000000d7080000,0x00000000d7080000,0x00000000d7100000)
  to   space 2048K, 0% used [0x00000000d6d00000,0x00000000d6d00000,0x00000000d6f00000)
 ParOldGen       total 68608K, used 18880K [0x0000000080000000, 0x0000000084300000, 0x00000000d5580000)
  object space 68608K, 27% used [0x0000000080000000,0x00000000812700c0,0x0000000084300000)
 Metaspace       used 37524K, committed 38592K, reserved 1114112K
  class space    used 3973K, committed 4416K, reserved 1048576K
}
Event: 26.281 GC heap after
{Heap after GC invocations=17 (full 2):
 PSYoungGen      total 24064K, used 1280K [0x00000000d5580000, 0x00000000d7100000, 0x0000000100000000)
  eden space 22016K, 0% used [0x00000000d5580000,0x00000000d5580000,0x00000000d6b00000)
  from space 2048K, 62% used [0x00000000d6d00000,0x00000000d6e40000,0x00000000d6f00000)
  to   space 1536K, 0% used [0x00000000d6f80000,0x00000000d6f80000,0x00000000d7100000)
 ParOldGen       total 68608K, used 18888K [0x0000000080000000, 0x0000000084300000, 0x00000000d5580000)
  object space 68608K, 27% used [0x0000000080000000,0x00000000812720c0,0x0000000084300000)
 Metaspace       used 37524K, committed 38592K, reserved 1114112K
  class space    used 3973K, committed 4416K, reserved 1048576K
}
Event: 27.403 GC heap before
{Heap before GC invocations=18 (full 2):
 PSYoungGen      total 24064K, used 23293K [0x00000000d5580000, 0x00000000d7100000, 0x0000000100000000)
  eden space 22016K, 99% used [0x00000000d5580000,0x00000000d6aff720,0x00000000d6b00000)
  from space 2048K, 62% used [0x00000000d6d00000,0x00000000d6e40000,0x00000000d6f00000)
  to   space 1536K, 0% used [0x00000000d6f80000,0x00000000d6f80000,0x00000000d7100000)
 ParOldGen       total 68608K, used 18888K [0x0000000080000000, 0x0000000084300000, 0x00000000d5580000)
  object space 68608K, 27% used [0x0000000080000000,0x00000000812720c0,0x0000000084300000)
 Metaspace       used 40214K, committed 41344K, reserved 1114112K
  class space    used 4308K, committed 4800K, reserved 1048576K
}
Event: 27.415 GC heap after
{Heap after GC invocations=18 (full 2):
 PSYoungGen      total 23552K, used 1506K [0x00000000d5580000, 0x00000000d7100000, 0x0000000100000000)
  eden space 22016K, 0% used [0x00000000d5580000,0x00000000d5580000,0x00000000d6b00000)
  from space 1536K, 98% used [0x00000000d6f80000,0x00000000d70f89d8,0x00000000d7100000)
  to   space 3072K, 0% used [0x00000000d6b00000,0x00000000d6b00000,0x00000000d6e00000)
 ParOldGen       total 68608K, used 20082K [0x0000000080000000, 0x0000000084300000, 0x00000000d5580000)
  object space 68608K, 29% used [0x0000000080000000,0x000000008139c910,0x0000000084300000)
 Metaspace       used 40214K, committed 41344K, reserved 1114112K
  class space    used 4308K, committed 4800K, reserved 1048576K
}
Event: 28.763 GC heap before
{Heap before GC invocations=19 (full 2):
 PSYoungGen      total 23552K, used 23522K [0x00000000d5580000, 0x00000000d7100000, 0x0000000100000000)
  eden space 22016K, 100% used [0x00000000d5580000,0x00000000d6b00000,0x00000000d6b00000)
  from space 1536K, 98% used [0x00000000d6f80000,0x00000000d70f89d8,0x00000000d7100000)
  to   space 3072K, 0% used [0x00000000d6b00000,0x00000000d6b00000,0x00000000d6e00000)
 ParOldGen       total 68608K, used 20502K [0x0000000080000000, 0x0000000084300000, 0x00000000d5580000)
  object space 68608K, 29% used [0x0000000080000000,0x00000000814058f8,0x0000000084300000)
 Metaspace       used 42908K, committed 44096K, reserved 1114112K
  class space    used 4634K, committed 5184K, reserved 1048576K
}
Event: 28.775 GC heap after
{Heap after GC invocations=19 (full 2):
 PSYoungGen      total 24576K, used 2152K [0x00000000d5580000, 0x00000000d7000000, 0x0000000100000000)
  eden space 22016K, 0% used [0x00000000d5580000,0x00000000d5580000,0x00000000d6b00000)
  from space 2560K, 84% used [0x00000000d6b00000,0x00000000d6d1a028,0x00000000d6d80000)
  to   space 2560K, 0% used [0x00000000d6d80000,0x00000000d6d80000,0x00000000d7000000)
 ParOldGen       total 68608K, used 21893K [0x0000000080000000, 0x0000000084300000, 0x00000000d5580000)
  object space 68608K, 31% used [0x0000000080000000,0x0000000081561438,0x0000000084300000)
 Metaspace       used 42908K, committed 44096K, reserved 1114112K
  class space    used 4634K, committed 5184K, reserved 1048576K
}
Event: 31.127 GC heap before
{Heap before GC invocations=20 (full 2):
 PSYoungGen      total 24576K, used 24168K [0x00000000d5580000, 0x00000000d7000000, 0x0000000100000000)
  eden space 22016K, 100% used [0x00000000d5580000,0x00000000d6b00000,0x00000000d6b00000)
  from space 2560K, 84% used [0x00000000d6b00000,0x00000000d6d1a028,0x00000000d6d80000)
  to   space 2560K, 0% used [0x00000000d6d80000,0x00000000d6d80000,0x00000000d7000000)
 ParOldGen       total 68608K, used 21895K [0x0000000080000000, 0x0000000084300000, 0x00000000d5580000)
  object space 68608K, 31% used [0x0000000080000000,0x0000000081561ef8,0x0000000084300000)
 Metaspace       used 45300K, committed 46528K, reserved 1114112K
  class space    used 4956K, committed 5504K, reserved 1048576K
}
Event: 31.138 GC heap after
{Heap after GC invocations=20 (full 2):
 PSYoungGen      total 24576K, used 1961K [0x00000000d5580000, 0x00000000d7000000, 0x0000000100000000)
  eden space 22016K, 0% used [0x00000000d5580000,0x00000000d5580000,0x00000000d6b00000)
  from space 2560K, 76% used [0x00000000d6d80000,0x00000000d6f6a5a0,0x00000000d7000000)
  to   space 2560K, 0% used [0x00000000d6b00000,0x00000000d6b00000,0x00000000d6d80000)
 ParOldGen       total 68608K, used 23838K [0x0000000080000000, 0x0000000084300000, 0x00000000d5580000)
  object space 68608K, 34% used [0x0000000080000000,0x00000000817478c8,0x0000000084300000)
 Metaspace       used 45300K, committed 46528K, reserved 1114112K
  class space    used 4956K, committed 5504K, reserved 1048576K
}

Dll operation events (10 events):
Event: 0.081 Loaded shared library c:\Users\pc\.antigravity\extensions\redhat.java-1.54.0-win32-x64\jre\21.0.10-win32-x86_64\bin\java.dll
Event: 0.687 Loaded shared library c:\Users\pc\.antigravity\extensions\redhat.java-1.54.0-win32-x64\jre\21.0.10-win32-x86_64\bin\zip.dll
Event: 0.853 Loaded shared library C:\Users\pc\.antigravity\extensions\redhat.java-1.54.0-win32-x64\jre\21.0.10-win32-x86_64\bin\instrument.dll
Event: 0.887 Loaded shared library C:\Users\pc\.antigravity\extensions\redhat.java-1.54.0-win32-x64\jre\21.0.10-win32-x86_64\bin\net.dll
Event: 0.901 Loaded shared library C:\Users\pc\.antigravity\extensions\redhat.java-1.54.0-win32-x64\jre\21.0.10-win32-x86_64\bin\nio.dll
Event: 0.921 Loaded shared library C:\Users\pc\.antigravity\extensions\redhat.java-1.54.0-win32-x64\jre\21.0.10-win32-x86_64\bin\zip.dll
Event: 1.026 Loaded shared library C:\Users\pc\.antigravity\extensions\redhat.java-1.54.0-win32-x64\jre\21.0.10-win32-x86_64\bin\jimage.dll
Event: 1.619 Loaded shared library c:\Users\pc\.antigravity\extensions\redhat.java-1.54.0-win32-x64\jre\21.0.10-win32-x86_64\bin\verify.dll
Event: 7.865 Loaded shared library C:\Users\pc\AppData\Roaming\Antigravity\User\globalStorage\redhat.java\1.54.0\config_win\org.eclipse.equinox.launcher\org.eclipse.equinox.launcher.win32.win32.x86_64_1.3.0.v20260203-2149\eclipse_11919.dll
Event: 15.364 Loaded shared library C:\Users\pc\AppData\Local\Temp\jna-3571\jna8988422352055267394.dll

Deoptimization events (20 events):
Event: 31.143 Thread 0x000002dce00369e0 Uncommon trap: trap_request=0xffffff45 fr.pc=0x000002dcce5ce2d0 relative=0x0000000000000190
Event: 31.143 Thread 0x000002dce00369e0 Uncommon trap: reason=unstable_if action=reinterpret pc=0x000002dcce5ce2d0 method=java.util.concurrent.ConcurrentHashMap.get(Ljava/lang/Object;)Ljava/lang/Object; @ 152 c2
Event: 31.143 Thread 0x000002dce00369e0 DEOPT PACKING pc=0x000002dcce5ce2d0 sp=0x000000ff83cfa0b0
Event: 31.143 Thread 0x000002dce00369e0 DEOPT UNPACKING pc=0x000002dccdfc6da2 sp=0x000000ff83cfa018 mode 2
Event: 31.144 Thread 0x000002dce00369e0 Uncommon trap: trap_request=0xfffffff4 fr.pc=0x000002dcce703070 relative=0x00000000000000d0
Event: 31.144 Thread 0x000002dce00369e0 Uncommon trap: reason=null_check action=make_not_entrant pc=0x000002dcce703070 method=jdk.internal.util.StrongReferenceKey.equals(Ljava/lang/Object;)Z @ 1 c2
Event: 31.144 Thread 0x000002dce00369e0 DEOPT PACKING pc=0x000002dcce703070 sp=0x000000ff83cf9f10
Event: 31.144 Thread 0x000002dce00369e0 DEOPT UNPACKING pc=0x000002dccdfc6da2 sp=0x000000ff83cf9e98 mode 2
Event: 31.144 Thread 0x000002dce00369e0 Uncommon trap: trap_request=0xffffffde fr.pc=0x000002dcce75fa5c relative=0x0000000000000b7c
Event: 31.144 Thread 0x000002dce00369e0 Uncommon trap: reason=class_check action=maybe_recompile pc=0x000002dcce75fa5c method=java.util.concurrent.ConcurrentHashMap.putVal(Ljava/lang/Object;Ljava/lang/Object;Z)Ljava/lang/Object; @ 242 c2
Event: 31.144 Thread 0x000002dce00369e0 DEOPT PACKING pc=0x000002dcce75fa5c sp=0x000000ff83cf9f50
Event: 31.144 Thread 0x000002dce00369e0 DEOPT UNPACKING pc=0x000002dccdfc6da2 sp=0x000000ff83cf9ec0 mode 2
Event: 31.144 Thread 0x000002dce00369e0 Uncommon trap: trap_request=0xffffffde fr.pc=0x000002dcce75f8dc relative=0x00000000000009fc
Event: 31.144 Thread 0x000002dce00369e0 Uncommon trap: reason=class_check action=maybe_recompile pc=0x000002dcce75f8dc method=java.util.concurrent.ConcurrentHashMap.putVal(Ljava/lang/Object;Ljava/lang/Object;Z)Ljava/lang/Object; @ 159 c2
Event: 31.145 Thread 0x000002dce00369e0 DEOPT PACKING pc=0x000002dcce75f8dc sp=0x000000ff83cf9f00
Event: 31.145 Thread 0x000002dce00369e0 DEOPT UNPACKING pc=0x000002dccdfc6da2 sp=0x000000ff83cf9e80 mode 2
Event: 31.294 Thread 0x000002dcc38429b0 Uncommon trap: trap_request=0xffffffde fr.pc=0x000002dcce65c0f0 relative=0x0000000000000050
Event: 31.294 Thread 0x000002dcc38429b0 Uncommon trap: reason=class_check action=maybe_recompile pc=0x000002dcce65c0f0 method=java.lang.invoke.DirectMethodHandle.internalMemberName(Ljava/lang/Object;)Ljava/lang/Object; @ 1 c2
Event: 31.294 Thread 0x000002dcc38429b0 DEOPT PACKING pc=0x000002dcce65c0f0 sp=0x000000ff81efe380
Event: 31.294 Thread 0x000002dcc38429b0 DEOPT UNPACKING pc=0x000002dccdfc6da2 sp=0x000000ff81efe310 mode 2

Classes loaded (20 events):
Event: 28.483 Loading class jdk/internal/vm/annotation/IntrinsicCandidate
Event: 28.483 Loading class jdk/internal/vm/annotation/IntrinsicCandidate done
Event: 29.306 Loading class sun/nio/cs/ThreadLocalCoders
Event: 29.307 Loading class sun/nio/cs/ThreadLocalCoders done
Event: 29.349 Loading class sun/nio/cs/ThreadLocalCoders$1
Event: 29.351 Loading class sun/nio/cs/ThreadLocalCoders$Cache
Event: 29.356 Loading class sun/nio/cs/ThreadLocalCoders$Cache done
Event: 29.356 Loading class sun/nio/cs/ThreadLocalCoders$1 done
Event: 29.356 Loading class sun/nio/cs/ThreadLocalCoders$2
Event: 29.357 Loading class sun/nio/cs/ThreadLocalCoders$2 done
Event: 30.518 Loading class sun/reflect/generics/tree/ArrayTypeSignature
Event: 30.519 Loading class sun/reflect/generics/tree/ArrayTypeSignature done
Event: 30.640 Loading class sun/reflect/generics/tree/BooleanSignature
Event: 30.640 Loading class sun/reflect/generics/tree/BooleanSignature done
Event: 30.745 Loading class java/lang/ProcessEnvironment$CheckedKeySet
Event: 30.746 Loading class java/lang/ProcessEnvironment$CheckedKeySet done
Event: 30.904 Loading class java/lang/invoke/MethodHandleImpl$CountingWrapper
Event: 30.905 Loading class java/lang/invoke/MethodHandleImpl$CountingWrapper done
Event: 31.144 Loading class java/io/UTFDataFormatException
Event: 31.144 Loading class java/io/UTFDataFormatException done

Classes unloaded (7 events):
Event: 18.417 Thread 0x000002dcc38df8e0 Unloading class 0x000002dc811acc00 'java/lang/invoke/LambdaForm$MH+0x000002dc811acc00'
Event: 18.417 Thread 0x000002dcc38df8e0 Unloading class 0x000002dc811ac800 'java/lang/invoke/LambdaForm$MH+0x000002dc811ac800'
Event: 18.417 Thread 0x000002dcc38df8e0 Unloading class 0x000002dc811ac400 'java/lang/invoke/LambdaForm$MH+0x000002dc811ac400'
Event: 18.417 Thread 0x000002dcc38df8e0 Unloading class 0x000002dc811ac000 'java/lang/invoke/LambdaForm$MH+0x000002dc811ac000'
Event: 18.417 Thread 0x000002dcc38df8e0 Unloading class 0x000002dc811abc00 'java/lang/invoke/LambdaForm$BMH+0x000002dc811abc00'
Event: 18.417 Thread 0x000002dcc38df8e0 Unloading class 0x000002dc811ab800 'java/lang/invoke/LambdaForm$DMH+0x000002dc811ab800'
Event: 18.417 Thread 0x000002dcc38df8e0 Unloading class 0x000002dc811aa400 'java/lang/invoke/LambdaForm$DMH+0x000002dc811aa400'

Classes redefined (0 events):
No events

Internal exceptions (20 events):
Event: 27.033 Thread 0x000002dce00369e0 Exception <a 'java/lang/ExceptionInInitializerError'{0x00000000d6158010}> (0x00000000d6158010) 
thrown [s\src\hotspot\share\oops\instanceKlass.cpp, line 1220]
Event: 27.148 Thread 0x000002dce00369e0 Implicit null exception at 0x000002dcce6c9a77 to 0x000002dcce6c9ce8
Event: 27.188 Thread 0x000002dce00369e0 Implicit null exception at 0x000002dcce6517fe to 0x000002dcce651a70
Event: 27.190 Thread 0x000002dce00369e0 Implicit null exception at 0x000002dcce5c659c to 0x000002dcce5c74c0
Event: 27.208 Thread 0x000002dce00369e0 Exception <a 'java/lang/NoSuchMethodError'{0x00000000d64cc458}: 'java.lang.Object java.lang.invoke.Invokers$Holder.invokeExact_MT(java.lang.Object, int, java.lang.Object)'> (0x00000000d64cc458) 
thrown [s\src\hotspot\share\interpreter\linkResolver.cpp, line 773]
Event: 27.361 Thread 0x000002dce2b75370 Exception <a 'java/lang/NoSuchMethodError'{0x00000000d69e8f90}: 'void java.lang.invoke.DirectMethodHandle$Holder.invokeStaticInit(java.lang.Object, java.lang.Object, java.lang.Object, java.lang.Object)'> (0x00000000d69e8f90) 
thrown [s\src\hotspot\share\interpreter\linkResolver.cpp, line 773]
Event: 27.472 Thread 0x000002dcc38429b0 Exception <a 'java/lang/NoSuchMethodError'{0x00000000d588f8d0}: 'java.lang.Object java.lang.invoke.DirectMethodHandle$Holder.invokeStatic(java.lang.Object, long, java.lang.Object)'> (0x00000000d588f8d0) 
thrown [s\src\hotspot\share\interpreter\linkResolver.cpp, line 773]
Event: 27.475 Thread 0x000002dcc38429b0 Exception <a 'java/lang/NoSuchMethodError'{0x00000000d58a2ea0}: 'java.lang.Object java.lang.invoke.DirectMethodHandle$Holder.invokeStaticInit(java.lang.Object, long, java.lang.Object)'> (0x00000000d58a2ea0) 
thrown [s\src\hotspot\share\interpreter\linkResolver.cpp, line 773]
Event: 27.478 Thread 0x000002dcc38429b0 Exception <a 'java/lang/NoSuchMethodError'{0x00000000d58aa960}: 'java.lang.Object java.lang.invoke.DirectMethodHandle$Holder.newInvokeSpecial(java.lang.Object, long)'> (0x00000000d58aa960) 
thrown [s\src\hotspot\share\interpreter\linkResolver.cpp, line 773]
Event: 30.185 Thread 0x000002dce0034910 Exception <a 'java/lang/NoSuchMethodError'{0x00000000d5f96ca8}: 'java.lang.Object java.lang.invoke.DirectMethodHandle$Holder.invokeVirtual(java.lang.Object, java.lang.Object, int)'> (0x00000000d5f96ca8) 
thrown [s\src\hotspot\share\interpreter\linkResolver.cpp, line 773]
Event: 30.191 Thread 0x000002dce2b76720 Exception <a 'sun/nio/fs/WindowsException'{0x00000000d616c638}> (0x00000000d616c638) 
thrown [s\src\hotspot\share\prims\jni.cpp, line 520]
Event: 30.537 Thread 0x000002dce00369e0 Exception <a 'java/lang/NoClassDefFoundError'{0x00000000d64e1ae8}: com/google/inject/servlet/ServletModuleTargetVisitor> (0x00000000d64e1ae8) 
thrown [s\src\hotspot\share\classfile\systemDictionary.cpp, line 301]
Event: 30.901 Thread 0x000002dce00369e0 Exception <a 'java/lang/NoSuchMethodError'{0x00000000d687ab18}: 'java.lang.Object java.lang.invoke.DirectMethodHandle$Holder.invokeStatic(java.lang.Object, int, java.lang.Object, java.lang.Object)'> (0x00000000d687ab18) 
thrown [s\src\hotspot\share\interpreter\linkResolver.cpp, line 773]
Event: 30.903 Thread 0x000002dce00369e0 Exception <a 'java/lang/NoSuchMethodError'{0x00000000d687e318}: 'java.lang.Object java.lang.invoke.DelegatingMethodHandle$Holder.delegate(java.lang.Object, int, java.lang.Object, java.lang.Object)'> (0x00000000d687e318) 
thrown [s\src\hotspot\share\interpreter\linkResolver.cpp, line 773]
Event: 30.913 Thread 0x000002dce00369e0 Exception <a 'java/lang/NoSuchMethodError'{0x00000000d6891ab8}: 'int java.lang.invoke.Invokers$Holder.linkToTargetMethod(java.lang.Object, java.lang.Object, java.lang.Object)'> (0x00000000d6891ab8) 
thrown [s\src\hotspot\share\interpreter\linkResolver.cpp, line 773]
Event: 31.143 Thread 0x000002dce00369e0 Implicit null exception at 0x000002dcce6ba306 to 0x000002dcce6ba3fc
Event: 31.144 Thread 0x000002dce00369e0 Implicit null exception at 0x000002dcce702fda to 0x000002dcce703061
Event: 31.215 Thread 0x000002dcc38429b0 Exception <a 'java/lang/NoSuchMethodError'{0x00000000d5681b38}: 'void java.lang.invoke.DirectMethodHandle$Holder.invokeSpecial(java.lang.Object, java.lang.Object, java.lang.Object, java.lang.Object, java.lang.Object, java.lang.Object)'> (0x00000000d5681b38) 
thrown [s\src\hotspot\share\interpreter\linkResolver.cpp, line 773]
Event: 31.295 Thread 0x000002dcc38429b0 Exception <a 'java/lang/IncompatibleClassChangeError'{0x00000000d569a040}: Found class java.lang.Object, but interface was expected> (0x00000000d569a040) 
thrown [s\src\hotspot\share\interpreter\linkResolver.cpp, line 840]
Event: 31.298 Thread 0x000002dcc38429b0 Exception <a 'java/lang/IncompatibleClassChangeError'{0x00000000d569be58}: Found class java.lang.Object, but interface was expected> (0x00000000d569be58) 
thrown [s\src\hotspot\share\interpreter\linkResolver.cpp, line 840]

ZGC Phase Switch (0 events):
No events

VM Operations (20 events):
Event: 26.635 Executing non-safepoint VM operation: HandshakeAllThreads (Deoptimize) done
Event: 27.385 Executing safepoint VM operation: ParallelGCFailedAllocation (Allocation Failure)
Event: 27.416 Executing safepoint VM operation: ParallelGCFailedAllocation (Allocation Failure) done
Event: 27.620 Executing non-safepoint VM operation: HandshakeAllThreads (Deoptimize)
Event: 27.700 Executing non-safepoint VM operation: HandshakeAllThreads (Deoptimize) done
Event: 27.749 Executing non-safepoint VM operation: HandshakeAllThreads (Deoptimize)
Event: 27.792 Executing non-safepoint VM operation: HandshakeAllThreads (Deoptimize) done
Event: 28.217 Executing non-safepoint VM operation: HandshakeAllThreads (Deoptimize)
Event: 28.325 Executing non-safepoint VM operation: HandshakeAllThreads (Deoptimize) done
Event: 28.582 Executing safepoint VM operation: ParallelGCFailedAllocation (Allocation Failure)
Event: 28.582 Executing safepoint VM operation: ParallelGCFailedAllocation (Allocation Failure) done
Event: 28.714 Executing safepoint VM operation: ParallelGCSystemGC (GCLocker Initiated GC)
Event: 28.775 Executing safepoint VM operation: ParallelGCSystemGC (GCLocker Initiated GC) done
Event: 29.312 Executing non-safepoint VM operation: HandshakeAllThreads (Deoptimize)
Event: 29.357 Executing non-safepoint VM operation: HandshakeAllThreads (Deoptimize) done
Event: 30.359 Executing safepoint VM operation: Cleanup
Event: 30.390 Executing safepoint VM operation: Cleanup done
Event: 31.104 Executing safepoint VM operation: ParallelGCFailedAllocation (Allocation Failure)
Event: 31.138 Executing safepoint VM operation: ParallelGCFailedAllocation (Allocation Failure) done
Event: 32.153 Executing safepoint VM operation: Cleanup

Memory protections (0 events):
No events

Nmethod flushes (20 events):
Event: 24.862 Thread 0x000002dcc38df8e0 flushing  nmethod 0x000002dcc70ae490
Event: 24.862 Thread 0x000002dcc38df8e0 flushing  nmethod 0x000002dcc70af510
Event: 24.862 Thread 0x000002dcc38df8e0 flushing  nmethod 0x000002dcc70b0710
Event: 24.862 Thread 0x000002dcc38df8e0 flushing  nmethod 0x000002dcc70b0b10
Event: 24.862 Thread 0x000002dcc38df8e0 flushing  nmethod 0x000002dcc70b2b10
Event: 24.862 Thread 0x000002dcc38df8e0 flushing  nmethod 0x000002dcc70b3010
Event: 24.862 Thread 0x000002dcc38df8e0 flushing  nmethod 0x000002dcc70bce90
Event: 24.862 Thread 0x000002dcc38df8e0 flushing  nmethod 0x000002dcc70d1810
Event: 24.862 Thread 0x000002dcc38df8e0 flushing  nmethod 0x000002dcc70e9410
Event: 24.862 Thread 0x000002dcc38df8e0 flushing  nmethod 0x000002dcc70ea410
Event: 24.862 Thread 0x000002dcc38df8e0 flushing  nmethod 0x000002dcc70eb610
Event: 24.862 Thread 0x000002dcc38df8e0 flushing  nmethod 0x000002dcc70f4590
Event: 24.862 Thread 0x000002dcc38df8e0 flushing  nmethod 0x000002dcc7101c10
Event: 24.862 Thread 0x000002dcc38df8e0 flushing  nmethod 0x000002dcc7102010
Event: 24.862 Thread 0x000002dcc38df8e0 flushing  nmethod 0x000002dcc7102510
Event: 24.862 Thread 0x000002dcc38df8e0 flushing  nmethod 0x000002dcc7142790
Event: 24.862 Thread 0x000002dcc38df8e0 flushing  nmethod 0x000002dcc7162810
Event: 24.862 Thread 0x000002dcc38df8e0 flushing  nmethod 0x000002dcc7182490
Event: 24.862 Thread 0x000002dcc38df8e0 flushing  nmethod 0x000002dcc7182910
Event: 24.862 Thread 0x000002dcc38df8e0 flushing  nmethod 0x000002dcc71ac190

Events (20 events):
Event: 16.671 Thread 0x000002dcdba88070 Thread added: 0x000002dce1cb1e80
Event: 17.302 Thread 0x000002dce1cb1e80 Thread exited: 0x000002dce1cb1e80
Event: 17.435 Thread 0x000002dcdba88070 Thread added: 0x000002dce1cb1e80
Event: 18.550 Thread 0x000002dce1cb1e80 Thread exited: 0x000002dce1cb1e80
Event: 18.635 Thread 0x000002dcdba88070 Thread added: 0x000002dce00c5720
Event: 19.705 Thread 0x000002dcdba88070 Thread added: 0x000002dce00c5df0
Event: 23.620 Thread 0x000002dce05e04f0 Thread added: 0x000002dce0035cc0
Event: 23.622 Thread 0x000002dce0034910 Thread added: 0x000002dce2b75370
Event: 25.748 Thread 0x000002dce2b75370 Thread added: 0x000002dce2b76720
Event: 27.325 Thread 0x000002dce0034fa0 Thread added: 0x000002dce2b76db0
Event: 27.600 Thread 0x000002dcc38429b0 Thread added: 0x000002dce2b75a00
Event: 27.605 Thread 0x000002dcc38429b0 Thread added: 0x000002dce2b77ad0
Event: 27.607 Thread 0x000002dcc38429b0 Thread added: 0x000002dce2b78e80
Event: 27.608 Thread 0x000002dcc38429b0 Thread added: 0x000002dce2b77440
Event: 27.608 Thread 0x000002dcc38429b0 Thread added: 0x000002dce2b787f0
Event: 27.609 Thread 0x000002dcc38429b0 Thread added: 0x000002dce2b78160
Event: 27.610 Thread 0x000002dcc38429b0 Thread added: 0x000002dce2b76090
Event: 27.612 Thread 0x000002dcc38429b0 Thread added: 0x000002dce2b7c990
Event: 27.612 Thread 0x000002dcc38429b0 Thread added: 0x000002dce2b79510
Event: 27.879 Thread 0x000002dcc38429b0 Thread added: 0x000002dce2b7a230


Dynamic libraries:
0x00007ff61f070000 - 0x00007ff61f07e000 	c:\Users\pc\.antigravity\extensions\redhat.java-1.54.0-win32-x64\jre\21.0.10-win32-x86_64\bin\java.exe
0x00007ffa85e80000 - 0x00007ffa860e7000 	C:\WINDOWS\SYSTEM32\ntdll.dll
0x00007ffa84c10000 - 0x00007ffa84cd9000 	C:\WINDOWS\System32\KERNEL32.DLL
0x00007ffa83410000 - 0x00007ffa83801000 	C:\WINDOWS\System32\KERNELBASE.dll
0x00007ffa832c0000 - 0x00007ffa8340b000 	C:\WINDOWS\System32\ucrtbase.dll
0x00007ffa79740000 - 0x00007ffa79758000 	c:\Users\pc\.antigravity\extensions\redhat.java-1.54.0-win32-x64\jre\21.0.10-win32-x86_64\bin\jli.dll
0x00007ffa6c1e0000 - 0x00007ffa6c1fe000 	c:\Users\pc\.antigravity\extensions\redhat.java-1.54.0-win32-x64\jre\21.0.10-win32-x86_64\bin\VCRUNTIME140.dll
0x00007ffa858e0000 - 0x00007ffa85aa5000 	C:\WINDOWS\System32\USER32.dll
0x00007ffa82970000 - 0x00007ffa82997000 	C:\WINDOWS\System32\win32u.dll
0x00007ffa68430000 - 0x00007ffa686c3000 	C:\WINDOWS\WinSxS\amd64_microsoft.windows.common-controls_6595b64144ccf1df_6.0.26100.8037_none_3e092faae333b53b\COMCTL32.dll
0x00007ffa84b60000 - 0x00007ffa84c09000 	C:\WINDOWS\System32\msvcrt.dll
0x00007ffa85570000 - 0x00007ffa8559b000 	C:\WINDOWS\System32\GDI32.dll
0x00007ffa838c0000 - 0x00007ffa839eb000 	C:\WINDOWS\System32\gdi32full.dll
0x00007ffa83810000 - 0x00007ffa838b3000 	C:\WINDOWS\System32\msvcp_win.dll
0x00007ffa85360000 - 0x00007ffa85391000 	C:\WINDOWS\System32\IMM32.DLL
0x00007ffa70ef0000 - 0x00007ffa70efc000 	c:\Users\pc\.antigravity\extensions\redhat.java-1.54.0-win32-x64\jre\21.0.10-win32-x86_64\bin\vcruntime140_1.dll
0x00007ffa2f5a0000 - 0x00007ffa2f62d000 	c:\Users\pc\.antigravity\extensions\redhat.java-1.54.0-win32-x64\jre\21.0.10-win32-x86_64\bin\msvcp140.dll
0x00007ff9e7310000 - 0x00007ff9e80b1000 	c:\Users\pc\.antigravity\extensions\redhat.java-1.54.0-win32-x64\jre\21.0.10-win32-x86_64\bin\server\jvm.dll
0x00007ffa84a10000 - 0x00007ffa84acb000 	C:\WINDOWS\System32\ADVAPI32.dll
0x00007ffa85460000 - 0x00007ffa85507000 	C:\WINDOWS\System32\sechost.dll
0x00007ffa855a0000 - 0x00007ffa856b8000 	C:\WINDOWS\System32\RPCRT4.dll
0x00007ffa84ae0000 - 0x00007ffa84b54000 	C:\WINDOWS\System32\WS2_32.dll
0x00007ffa825c0000 - 0x00007ffa8261e000 	C:\WINDOWS\SYSTEM32\POWRPROF.dll
0x00007ffa80800000 - 0x00007ffa80835000 	C:\WINDOWS\SYSTEM32\WINMM.dll
0x00007ffa75bc0000 - 0x00007ffa75bcb000 	C:\WINDOWS\SYSTEM32\VERSION.dll
0x00007ffa825a0000 - 0x00007ffa825b4000 	C:\WINDOWS\SYSTEM32\UMPDC.dll
0x00007ffa814f0000 - 0x00007ffa8150b000 	C:\WINDOWS\SYSTEM32\kernel.appcore.dll
0x00007ffa6f720000 - 0x00007ffa6f72a000 	c:\Users\pc\.antigravity\extensions\redhat.java-1.54.0-win32-x64\jre\21.0.10-win32-x86_64\bin\jimage.dll
0x00007ffa805b0000 - 0x00007ffa807f2000 	C:\WINDOWS\SYSTEM32\DBGHELP.DLL
0x00007ffa85ab0000 - 0x00007ffa85e32000 	C:\WINDOWS\System32\combase.dll
0x00007ffa83d50000 - 0x00007ffa83e27000 	C:\WINDOWS\System32\OLEAUT32.dll
0x00007ffa80570000 - 0x00007ffa805ab000 	C:\WINDOWS\SYSTEM32\dbgcore.DLL
0x00007ffa829a0000 - 0x00007ffa82a45000 	C:\WINDOWS\System32\bcryptPrimitives.dll
0x00007ffa6bfc0000 - 0x00007ffa6bfcf000 	c:\Users\pc\.antigravity\extensions\redhat.java-1.54.0-win32-x64\jre\21.0.10-win32-x86_64\bin\instrument.dll
0x00007ffa6b3d0000 - 0x00007ffa6b3f0000 	c:\Users\pc\.antigravity\extensions\redhat.java-1.54.0-win32-x64\jre\21.0.10-win32-x86_64\bin\java.dll
0x00007ffa841a0000 - 0x00007ffa848ff000 	C:\WINDOWS\System32\SHELL32.dll
0x00007ffa839f0000 - 0x00007ffa83b5a000 	C:\WINDOWS\System32\wintypes.dll
0x00007ffa82a50000 - 0x00007ffa832b4000 	C:\WINDOWS\System32\windows.storage.dll
0x00007ffa84910000 - 0x00007ffa84a07000 	C:\WINDOWS\System32\SHCORE.dll
0x00007ffa83c50000 - 0x00007ffa83cb7000 	C:\WINDOWS\System32\shlwapi.dll
0x00007ffa82680000 - 0x00007ffa826a9000 	C:\WINDOWS\SYSTEM32\profapi.dll
0x00007ffa6b420000 - 0x00007ffa6b438000 	c:\Users\pc\.antigravity\extensions\redhat.java-1.54.0-win32-x64\jre\21.0.10-win32-x86_64\bin\zip.dll
0x00007ffa6be40000 - 0x00007ffa6be50000 	C:\Users\pc\.antigravity\extensions\redhat.java-1.54.0-win32-x64\jre\21.0.10-win32-x86_64\bin\net.dll
0x00007ffa79b00000 - 0x00007ffa79c27000 	C:\WINDOWS\SYSTEM32\WINHTTP.dll
0x00007ffa81a60000 - 0x00007ffa81acb000 	C:\WINDOWS\system32\mswsock.dll
0x00007ffa61620000 - 0x00007ffa61636000 	C:\Users\pc\.antigravity\extensions\redhat.java-1.54.0-win32-x64\jre\21.0.10-win32-x86_64\bin\nio.dll
0x00007ffa6ba30000 - 0x00007ffa6ba40000 	c:\Users\pc\.antigravity\extensions\redhat.java-1.54.0-win32-x64\jre\21.0.10-win32-x86_64\bin\verify.dll
0x00007ffa425f0000 - 0x00007ffa42635000 	C:\Users\pc\AppData\Roaming\Antigravity\User\globalStorage\redhat.java\1.54.0\config_win\org.eclipse.equinox.launcher\org.eclipse.equinox.launcher.win32.win32.x86_64_1.3.0.v20260203-2149\eclipse_11919.dll
0x00007ffa83e30000 - 0x00007ffa83fc5000 	C:\WINDOWS\System32\ole32.dll
0x00007ffa81d40000 - 0x00007ffa81d5b000 	C:\WINDOWS\SYSTEM32\CRYPTSP.dll
0x00007ffa81450000 - 0x00007ffa81489000 	C:\WINDOWS\system32\rsaenh.dll
0x00007ffa81b10000 - 0x00007ffa81b42000 	C:\WINDOWS\SYSTEM32\USERENV.dll
0x00007ffa82650000 - 0x00007ffa8267a000 	C:\WINDOWS\SYSTEM32\bcrypt.dll
0x00007ffa81d60000 - 0x00007ffa81d6c000 	C:\WINDOWS\SYSTEM32\CRYPTBASE.dll
0x00007ffa80f00000 - 0x00007ffa80f33000 	C:\WINDOWS\SYSTEM32\IPHLPAPI.DLL
0x00007ffa84ad0000 - 0x00007ffa84ada000 	C:\WINDOWS\System32\NSI.dll
0x00007ffa421e0000 - 0x00007ffa42229000 	C:\Users\pc\AppData\Local\Temp\jna-3571\jna8988422352055267394.dll
0x00007ffa853c0000 - 0x00007ffa853c8000 	C:\WINDOWS\System32\PSAPI.DLL
0x00007ffa79ce0000 - 0x00007ffa79cfd000 	C:\WINDOWS\SYSTEM32\dhcpcsvc6.DLL
0x00007ffa79760000 - 0x00007ffa79783000 	C:\WINDOWS\SYSTEM32\dhcpcsvc.DLL

JVMTI agents:
c:\Users\pc\.antigravity\extensions\redhat.java-1.54.0-win32-x64\lombok\lombok-1.18.39-4050.jar path:c:\Users\pc\.antigravity\extensions\redhat.java-1.54.0-win32-x64\jre\21.0.10-win32-x86_64\bin\instrument.dll, loaded, initialized, instrumentlib options:none

dbghelp: loaded successfully - version: 4.0.5 - missing functions: none
symbol engine: initialized successfully - sym options: 0x614 - pdb path: .;c:\Users\pc\.antigravity\extensions\redhat.java-1.54.0-win32-x64\jre\21.0.10-win32-x86_64\bin;C:\WINDOWS\SYSTEM32;C:\WINDOWS\WinSxS\amd64_microsoft.windows.common-controls_6595b64144ccf1df_6.0.26100.8037_none_3e092faae333b53b;c:\Users\pc\.antigravity\extensions\redhat.java-1.54.0-win32-x64\jre\21.0.10-win32-x86_64\bin\server;C:\Users\pc\AppData\Roaming\Antigravity\User\globalStorage\redhat.java\1.54.0\config_win\org.eclipse.equinox.launcher\org.eclipse.equinox.launcher.win32.win32.x86_64_1.3.0.v20260203-2149;C:\Users\pc\AppData\Local\Temp\jna-3571

VM Arguments:
jvm_args: --add-modules=ALL-SYSTEM --add-opens=java.base/java.util=ALL-UNNAMED --add-opens=java.base/java.lang=ALL-UNNAMED --add-opens=java.base/sun.nio.fs=ALL-UNNAMED -Declipse.application=org.eclipse.jdt.ls.core.id1 -Dosgi.bundles.defaultStartLevel=4 -Declipse.product=org.eclipse.jdt.ls.core.product -Djava.import.generatesMetadataFilesAtProjectRoot=false -DDetectVMInstallationsJob.disabled=true -Dfile.encoding=utf8 -XX:+UseParallelGC -XX:GCTimeRatio=4 -XX:AdaptiveSizePolicyWeight=90 -Dsun.zip.disableMemoryMapping=true -Xmx2G -Xms100m -Xlog:disable -javaagent:c:\Users\pc\.antigravity\extensions\redhat.java-1.54.0-win32-x64\lombok\lombok-1.18.39-4050.jar -XX:+HeapDumpOnOutOfMemoryError -XX:HeapDumpPath=c:\Users\pc\AppData\Roaming\Antigravity\User\workspaceStorage\8031a5d436490f66bb03453b0c0568b8\redhat.java -Daether.dependencyCollector.impl=bf 
java_command: c:\Users\pc\.antigravity\extensions\redhat.java-1.54.0-win32-x64\server\plugins\org.eclipse.equinox.launcher_1.7.100.v20251111-0406.jar -configuration c:\Users\pc\AppData\Roaming\Antigravity\User\globalStorage\redhat.java\1.54.0\config_win -data c:\Users\pc\AppData\Roaming\Antigravity\User\workspaceStorage\8031a5d436490f66bb03453b0c0568b8\redhat.java\jdt_ws --pipe=\\.\pipe\lsp-d75776cc1274a7381142a44de08a479d-sock
java_class_path (initial): c:\Users\pc\.antigravity\extensions\redhat.java-1.54.0-win32-x64\server\plugins\org.eclipse.equinox.launcher_1.7.100.v20251111-0406.jar
Launcher Type: SUN_STANDARD

[Global flags]
    uintx AdaptiveSizePolicyWeight                 = 90                                        {product} {command line}
     intx CICompilerCount                          = 4                                         {product} {ergonomic}
    uintx GCTimeRatio                              = 4                                         {product} {command line}
     bool HeapDumpOnOutOfMemoryError               = true                                   {manageable} {command line}
    ccstr HeapDumpPath                             = c:\Users\pc\AppData\Roaming\Antigravity\User\workspaceStorage\8031a5d436490f66bb03453b0c0568b8\redhat.java         {manageable} {command line}
   size_t InitialHeapSize                          = 104857600                                 {product} {command line}
   size_t MaxHeapSize                              = 2147483648                                {product} {command line}
   size_t MaxNewSize                               = 715653120                                 {product} {ergonomic}
   size_t MinHeapDeltaBytes                        = 524288                                    {product} {ergonomic}
   size_t MinHeapSize                              = 104857600                                 {product} {command line}
   size_t NewSize                                  = 34603008                                  {product} {ergonomic}
    uintx NonNMethodCodeHeapSize                   = 5839372                                {pd product} {ergonomic}
    uintx NonProfiledCodeHeapSize                  = 122909434                              {pd product} {ergonomic}
   size_t OldSize                                  = 70254592                                  {product} {ergonomic}
    uintx ProfiledCodeHeapSize                     = 122909434                              {pd product} {ergonomic}
    uintx ReservedCodeCacheSize                    = 251658240                              {pd product} {ergonomic}
     bool SegmentedCodeCache                       = true                                      {product} {ergonomic}
   size_t SoftMaxHeapSize                          = 2147483648                             {manageable} {ergonomic}
     bool UseCompressedOops                        = true                           {product lp64_product} {ergonomic}
     bool UseLargePagesIndividualAllocation        = false                                  {pd product} {ergonomic}
     bool UseParallelGC                            = true                                      {product} {command line}

Logging:
Log output configuration:
 #0: stdout all=off uptime,level,tags foldmultilines=false
 #1: stderr all=off uptime,level,tags foldmultilines=false

Release file:
JAVA_VERSION="21.0.10" 
MODULES="java.base java.compiler java.datatransfer java.xml java.prefs java.desktop java.instrument java.logging java.management java.security.sasl java.naming java.rmi java.management.rmi java.net.http java.scripting java.security.jgss java.transaction.xa java.sql java.sql.rowset java.xml.crypto java.se java.smartcardio jdk.accessibility jdk.internal.jvmstat jdk.attach jdk.charsets jdk.internal.opt jdk.zipfs jdk.compiler jdk.crypto.ec jdk.crypto.cryptoki jdk.crypto.mscapi jdk.dynalink jdk.internal.ed jdk.editpad jdk.hotspot.agent jdk.httpserver jdk.internal.le jdk.internal.vm.ci jdk.internal.vm.compiler jdk.internal.vm.compiler.management jdk.jartool jdk.javadoc jdk.jcmd jdk.management jdk.management.agent jdk.jconsole jdk.jdeps jdk.jdwp.agent jdk.jdi jdk.jfr jdk.jshell jdk.jsobject jdk.jstatd jdk.localedata jdk.management.jfr jdk.naming.dns jdk.naming.rmi jdk.net jdk.nio.mapmode jdk.random jdk.sctp jdk.security.auth jdk.security.jgss jdk.unsupported jdk.unsupported.desktop jdk.xml.dom" 

Environment Variables:
PATH=C:\Program Files\Eclipse Adoptium\jdk-25.0.2.10-hotspot\bin;C:\Program Files\Common Files\Oracle\Java\javapath;C:\Windows\system32;C:\Windows;C:\Windows\System32\Wbem;C:\Windows\System32\WindowsPowerShell\v1.0\;C:\Windows\System32\OpenSSH\;C:\Program Files\NVIDIA Corporation\NVIDIA NvDLISR;C:\WINDOWS\system32;C:\WINDOWS;C:\WINDOWS\System32\Wbem;C:\WINDOWS\System32\WindowsPowerShell\v1.0\;C:\WINDOWS\System32\OpenSSH\;C:\Program Files\dotnet\;C:\Program Files (x86)\Microsoft SQL Server\150\Tools\Binn\;C:\Program Files\Microsoft SQL Server\150\Tools\Binn\;C:\Program Files (x86)\Microsoft SQL Server\150\DTS\Binn\;C:\Program Files\Microsoft SQL Server\150\DTS\Binn\;C:\Program Files\Microsoft SQL Server\Client SDK\ODBC\170\Tools\Binn\;C:\Program Files\nodejs\;C:\Program Files\Git\cmd;C:\Program Files\Docker\Docker\resources\bin;C:\Program Files\Java\jdk-17\bin;C:\Users\pc\AppData\Local\Microsoft\WindowsApps;C:\Users\pc\AppData\Local\atom\bin;C:\Users\pc\AppData\Local\Microsoft\WindowsApps;C:\Users\pc\AppData\Local\GitHubDesktop\bin;C:\Users\pc\AppData\Roaming\npm;C:\Program Files\R\R-4.5.1\bin;C:\Users\pc\AppData\Local\Python\bin;C:\Program Files\JetBrains\PyCharm Community Edition 2022.2.2\bin;;C:\Users\pc\AppData\Local\Python\pythoncore-3.14-64\Lib\site-packages\pip (python 3.14);C:\Program Files\JetBrains\PhpStorm 2025.3.1.1\bin;C:\Users\pc\AppData\Local\Programs\Microsoft VS Code\bin;C:\Users\pc\AppData\Local\Programs\Antigravity\bin
USERNAME=pc
OS=Windows_NT
PROCESSOR_IDENTIFIER=Intel64 Family 6 Model 126 Stepping 5, GenuineIntel
TMP=C:\Users\pc\AppData\Local\Temp
TEMP=C:\Users\pc\AppData\Local\Temp




Periodic native trim disabled

---------------  S Y S T E M  ---------------

OS:
 Windows 11 , 64 bit Build 26100 (10.0.26100.7920)
OS uptime: 2 days 7:30 hours

CPU: total 8 (initial active 8) (4 cores per cpu, 2 threads per core) family 6 model 126 stepping 5 microcode 0xc2, cx8, cmov, fxsr, ht, mmx, 3dnowpref, sse, sse2, sse3, ssse3, sse4.1, sse4.2, popcnt, lzcnt, tsc, tscinvbit, avx, avx2, aes, erms, clmul, bmi1, bmi2, adx, avx512f, avx512dq, avx512cd, avx512bw, avx512vl, sha, fma, vzeroupper, avx512_vpopcntdq, avx512_vpclmulqdq, avx512_vaes, avx512_vnni, clflush, clflushopt, avx512_vbmi2, avx512_vbmi, rdtscp, rdpid, fsrm, gfni, avx512_bitalg, f16c, pku, avx512_ifma
Processor Information for the first 8 processors :
  Max Mhz: 1190, Current Mhz: 991, Mhz Limit: 987

Memory: 4k page, system-wide physical 7959M (797M free)
TotalPageFile size 17959M (AvailPageFile size 69M)
current process WorkingSet (physical memory assigned to process): 225M, peak: 228M
current process commit charge ("private bytes"): 343M, peak: 345M

vm_info: OpenJDK 64-Bit Server VM (21.0.10+7-LTS) for windows-amd64 JRE (21.0.10+7-LTS), built on 2026-01-20T00:00:00Z by "admin" with MS VC++ 17.12 (VS2022)

END.
