#
# There is insufficient memory for the Java Runtime Environment to continue.
# Native memory allocation (malloc) failed to allocate 1048576 bytes. Error detail: AllocateHeap
# Possible reasons:
#   The system is out of physical RAM or swap space
#   This process is running with CompressedOops enabled, and the Java Heap may be blocking the growth of the native heap
# Possible solutions:
#   Reduce memory load on the system
#   Increase physical memory or swap space
#   Check if swap backing store is full
#   Decrease Java heap size (-Xmx/-Xms)
#   Decrease number of Java threads
#   Decrease Java thread stack sizes (-Xss)
#   Set larger code cache with -XX:ReservedCodeCacheSize=
#   JVM is running with Unscaled Compressed Oops mode in which the Java heap is
#     placed in the first 4GB address space. The Java Heap base address is the
#     maximum limit for the native heap growth. Please use -XX:HeapBaseMinAddress
#     to set the Java Heap base and to place the Java Heap above 4GB virtual address.
# This output file may be truncated or incomplete.
#
#  Out of Memory Error (allocation.cpp:44), pid=772, tid=27524
#
# JRE version: OpenJDK Runtime Environment Temurin-21.0.10+7 (21.0.10+7) (build 21.0.10+7-LTS)
# Java VM: OpenJDK 64-Bit Server VM Temurin-21.0.10+7 (21.0.10+7-LTS, mixed mode, sharing, tiered, compressed oops, compressed class ptrs, parallel gc, windows-amd64)
# No core dump will be written. Minidumps are not enabled by default on client versions of Windows
#

---------------  S U M M A R Y ------------

Command Line: --add-modules=ALL-SYSTEM --add-opens=java.base/java.util=ALL-UNNAMED --add-opens=java.base/java.lang=ALL-UNNAMED --add-opens=java.base/sun.nio.fs=ALL-UNNAMED -Declipse.application=org.eclipse.jdt.ls.core.id1 -Dosgi.bundles.defaultStartLevel=4 -Declipse.product=org.eclipse.jdt.ls.core.product -Djava.import.generatesMetadataFilesAtProjectRoot=false -DDetectVMInstallationsJob.disabled=true -Dfile.encoding=utf8 -XX:+UseParallelGC -XX:GCTimeRatio=4 -XX:AdaptiveSizePolicyWeight=90 -Dsun.zip.disableMemoryMapping=true -Xmx2G -Xms100m -Xlog:disable -javaagent:c:\Users\pc\.antigravity\extensions\redhat.java-1.54.0-win32-x64\lombok\lombok-1.18.39-4050.jar -XX:+HeapDumpOnOutOfMemoryError -XX:HeapDumpPath=c:\Users\pc\AppData\Roaming\Antigravity\User\workspaceStorage\8031a5d436490f66bb03453b0c0568b8\redhat.java -Daether.dependencyCollector.impl=bf c:\Users\pc\.antigravity\extensions\redhat.java-1.54.0-win32-x64\server\plugins\org.eclipse.equinox.launcher_1.7.100.v20251111-0406.jar -configuration c:\Users\pc\AppData\Roaming\Antigravity\User\globalStorage\redhat.java\1.54.0\config_win -data c:\Users\pc\AppData\Roaming\Antigravity\User\workspaceStorage\8031a5d436490f66bb03453b0c0568b8\redhat.java\jdt_ws --pipe=\\.\pipe\lsp-366db1f29a6c1ebfa3d20469e05d0809-sock

Host: Intel(R) Core(TM) i5-1035G1 CPU @ 1.00GHz, 8 cores, 7G,  Windows 11 , 64 bit Build 26100 (10.0.26100.7920)
Time: Fri Apr 17 22:09:28 2026 Sri Lanka Standard Time elapsed time: 150.215567 seconds (0d 0h 2m 30s)

---------------  T H R E A D  ---------------

Current thread (0x0000020f82e29280):  JavaThread "Attach Listener" daemon [_thread_in_vm, id=27524, stack(0x00000072b6d00000,0x00000072b6e00000) (1024K)]

Stack: [0x00000072b6d00000,0x00000072b6e00000]
Native frames: (J=compiled Java code, j=interpreted, Vv=VM code, C=native code)
V  [jvm.dll+0x6d7a39]
V  [jvm.dll+0x8b4b26]
V  [jvm.dll+0x8b70de]
V  [jvm.dll+0x8b77c3]
V  [jvm.dll+0x284346]
V  [jvm.dll+0xc1277]
V  [jvm.dll+0x6d82e9]
V  [jvm.dll+0x1334a6]
V  [jvm.dll+0x3f857e]
V  [jvm.dll+0x85f59d]
V  [jvm.dll+0x6d626d]
C  [ucrtbase.dll+0x37b0]
C  [KERNEL32.DLL+0x2e8d7]
C  [ntdll.dll+0x8c48c]


---------------  P R O C E S S  ---------------

Threads class SMR info:
_java_thread_list=0x0000020fe371c160, length=57, elements={
0x0000020f82eadec0, 0x0000020f82f6a900, 0x0000020f82f6dd90, 0x0000020f82e258a0,
0x0000020f82e29280, 0x0000020f82e2b350, 0x0000020f82e2b9e0, 0x0000020f82e58580,
0x0000020fdc110e70, 0x0000020f82e2a630, 0x0000020f82e2acc0, 0x0000020f82e28560,
0x0000020f82e28bf0, 0x0000020f82e29fa0, 0x0000020fe10cf320, 0x0000020fe10d0d60,
0x0000020fe10cec90, 0x0000020fe10cf9b0, 0x0000020fe10d13f0, 0x0000020fe10d41e0,
0x0000020fe10d2110, 0x0000020fe10d4f00, 0x0000020fe10d2e30, 0x0000020fe10d27a0,
0x0000020fe10d5590, 0x0000020fe10d34c0, 0x0000020fe2e590d0, 0x0000020fe2e59df0,
0x0000020fe2e5a480, 0x0000020fe2e59760, 0x0000020fe2e5ab10, 0x0000020fe2e583b0,
0x0000020fe2e5b1a0, 0x0000020fe2e58a40, 0x0000020fe2e5c550, 0x0000020fe2e5e620,
0x0000020fe2e5b830, 0x0000020fe2e5f340, 0x0000020fe4b54cb0, 0x0000020fe4b52550,
0x0000020fe4b52be0, 0x0000020fe4b53900, 0x0000020fe4b53270, 0x0000020fe4b53f90,
0x0000020fe4b54620, 0x0000020fe4b56d80, 0x0000020fe4b55340, 0x0000020fe4b58e50,
0x0000020fe4b559d0, 0x0000020fe4b594e0, 0x0000020fe30047c0, 0x0000020fe3002d80,
0x0000020fe3006890, 0x0000020fe3003410, 0x0000020fe3007c40, 0x0000020fe3004e50,
0x0000020fe3008960
}

Java Threads: ( => current thread )
  0x0000020f82eadec0 JavaThread "main"                              [_thread_blocked, id=21728, stack(0x00000072b6600000,0x00000072b6700000) (1024K)]
  0x0000020f82f6a900 JavaThread "Reference Handler"          daemon [_thread_blocked, id=26952, stack(0x00000072b6a00000,0x00000072b6b00000) (1024K)]
  0x0000020f82f6dd90 JavaThread "Finalizer"                  daemon [_thread_blocked, id=12272, stack(0x00000072b6b00000,0x00000072b6c00000) (1024K)]
  0x0000020f82e258a0 JavaThread "Signal Dispatcher"          daemon [_thread_blocked, id=23156, stack(0x00000072b6c00000,0x00000072b6d00000) (1024K)]
=>0x0000020f82e29280 JavaThread "Attach Listener"            daemon [_thread_in_vm, id=27524, stack(0x00000072b6d00000,0x00000072b6e00000) (1024K)]
  0x0000020f82e2b350 JavaThread "Service Thread"             daemon [_thread_blocked, id=4496, stack(0x00000072b6e00000,0x00000072b6f00000) (1024K)]
  0x0000020f82e2b9e0 JavaThread "Monitor Deflation Thread"   daemon [_thread_blocked, id=17876, stack(0x00000072b6f00000,0x00000072b7000000) (1024K)]
  0x0000020f82e58580 JavaThread "C2 CompilerThread0"         daemon [_thread_blocked, id=18784, stack(0x00000072b7000000,0x00000072b7100000) (1024K)]
  0x0000020fdc110e70 JavaThread "C1 CompilerThread0"         daemon [_thread_blocked, id=19072, stack(0x00000072b7100000,0x00000072b7200000) (1024K)]
  0x0000020f82e2a630 JavaThread "Common-Cleaner"             daemon [_thread_blocked, id=21676, stack(0x00000072b7300000,0x00000072b7400000) (1024K)]
  0x0000020f82e2acc0 JavaThread "Notification Thread"        daemon [_thread_blocked, id=23172, stack(0x00000072b7400000,0x00000072b7500000) (1024K)]
  0x0000020f82e28560 JavaThread "Active Thread: Equinox Container: dddac23d-053d-4491-803e-2d89580c7aae"        [_thread_blocked, id=18824, stack(0x00000072b7b00000,0x00000072b7c00000) (1024K)]
  0x0000020f82e28bf0 JavaThread "Refresh Thread: Equinox Container: dddac23d-053d-4491-803e-2d89580c7aae" daemon [_thread_blocked, id=21408, stack(0x00000072b7c00000,0x00000072b7d00000) (1024K)]
  0x0000020f82e29fa0 JavaThread "Framework Event Dispatcher: Equinox Container: dddac23d-053d-4491-803e-2d89580c7aae" daemon [_thread_blocked, id=21952, stack(0x00000072b7d00000,0x00000072b7e00000) (1024K)]
  0x0000020fe10cf320 JavaThread "Start Level: Equinox Container: dddac23d-053d-4491-803e-2d89580c7aae" daemon [_thread_blocked, id=8424, stack(0x00000072b7e00000,0x00000072b7f00000) (1024K)]
  0x0000020fe10d0d60 JavaThread "Bundle File Closer"         daemon [_thread_blocked, id=4920, stack(0x00000072b8000000,0x00000072b8100000) (1024K)]
  0x0000020fe10cec90 JavaThread "SCR Component Actor"        daemon [_thread_blocked, id=12872, stack(0x00000072b7f00000,0x00000072b8000000) (1024K)]
  0x0000020fe10cf9b0 JavaThread "Worker-JM"                         [_thread_blocked, id=16436, stack(0x00000072b8300000,0x00000072b8400000) (1024K)]
  0x0000020fe10d13f0 JavaThread "JNA Cleaner"                daemon [_thread_blocked, id=23984, stack(0x00000072b8200000,0x00000072b8300000) (1024K)]
  0x0000020fe10d41e0 JavaThread "Worker-2"                          [_thread_blocked, id=24748, stack(0x00000072b8600000,0x00000072b8700000) (1024K)]
  0x0000020fe10d2110 JavaThread "Java indexing"              daemon [_thread_blocked, id=17908, stack(0x00000072b8800000,0x00000072b8900000) (1024K)]
  0x0000020fe10d4f00 JavaThread "Worker-5"                          [_thread_blocked, id=24160, stack(0x00000072b8d00000,0x00000072b8e00000) (1024K)]
  0x0000020fe10d2e30 JavaThread "Thread-1"                   daemon [_thread_in_native, id=9608, stack(0x00000072b8e00000,0x00000072b8f00000) (1024K)]
  0x0000020fe10d27a0 JavaThread "Thread-2"                   daemon [_thread_in_native, id=8920, stack(0x00000072b8f00000,0x00000072b9000000) (1024K)]
  0x0000020fe10d5590 JavaThread "Thread-3"                   daemon [_thread_in_native, id=13700, stack(0x00000072b9000000,0x00000072b9100000) (1024K)]
  0x0000020fe10d34c0 JavaThread "Thread-4"                   daemon [_thread_in_native, id=23524, stack(0x00000072b9100000,0x00000072b9200000) (1024K)]
  0x0000020fe2e590d0 JavaThread "Thread-5"                   daemon [_thread_in_native, id=14588, stack(0x00000072b9200000,0x00000072b9300000) (1024K)]
  0x0000020fe2e59df0 JavaThread "Thread-6"                   daemon [_thread_in_native, id=19820, stack(0x00000072b9300000,0x00000072b9400000) (1024K)]
  0x0000020fe2e5a480 JavaThread "Thread-7"                   daemon [_thread_in_native, id=12820, stack(0x00000072b9400000,0x00000072b9500000) (1024K)]
  0x0000020fe2e59760 JavaThread "Thread-8"                   daemon [_thread_in_native, id=24764, stack(0x00000072b9500000,0x00000072b9600000) (1024K)]
  0x0000020fe2e5ab10 JavaThread "Thread-9"                   daemon [_thread_in_native, id=17452, stack(0x00000072b9600000,0x00000072b9700000) (1024K)]
  0x0000020fe2e583b0 JavaThread "pool-2-thread-1"                   [_thread_blocked, id=20308, stack(0x00000072b9700000,0x00000072b9800000) (1024K)]
  0x0000020fe2e5b1a0 JavaThread "WorkspaceEventsHandler"            [_thread_blocked, id=26108, stack(0x00000072b9800000,0x00000072b9900000) (1024K)]
  0x0000020fe2e58a40 JavaThread "pool-1-thread-1"                   [_thread_blocked, id=14496, stack(0x00000072b9900000,0x00000072b9a00000) (1024K)]
  0x0000020fe2e5c550 JavaThread "LocalFile Deleter"          daemon [_thread_blocked, id=16952, stack(0x00000072b9b00000,0x00000072b9c00000) (1024K)]
  0x0000020fe2e5e620 JavaThread "LocalFile Deleter"          daemon [_thread_blocked, id=3756, stack(0x00000072b9e00000,0x00000072b9f00000) (1024K)]
  0x0000020fe2e5b830 JavaThread "LocalFile Deleter"          daemon [_thread_blocked, id=16136, stack(0x00000072b9f00000,0x00000072ba000000) (1024K)]
  0x0000020fe2e5f340 JavaThread "LocalFile Deleter"          daemon [_thread_blocked, id=28564, stack(0x00000072ba000000,0x00000072ba100000) (1024K)]
  0x0000020fe4b54cb0 JavaThread "LocalFile Deleter"          daemon [_thread_blocked, id=17584, stack(0x00000072ba100000,0x00000072ba200000) (1024K)]
  0x0000020fe4b52550 JavaThread "Compiler Source File Reader" daemon [_thread_blocked, id=20012, stack(0x00000072ba200000,0x00000072ba300000) (1024K)]
  0x0000020fe4b52be0 JavaThread "Compiler Source File Reader" daemon [_thread_blocked, id=20436, stack(0x00000072ba300000,0x00000072ba400000) (1024K)]
  0x0000020fe4b53900 JavaThread "Compiler Source File Reader" daemon [_thread_blocked, id=16836, stack(0x00000072ba400000,0x00000072ba500000) (1024K)]
  0x0000020fe4b53270 JavaThread "Compiler Source File Reader" daemon [_thread_blocked, id=13624, stack(0x00000072ba500000,0x00000072ba600000) (1024K)]
  0x0000020fe4b53f90 JavaThread "Compiler Source File Reader" daemon [_thread_blocked, id=18796, stack(0x00000072ba600000,0x00000072ba700000) (1024K)]
  0x0000020fe4b54620 JavaThread "Compiler Source File Reader" daemon [_thread_blocked, id=22976, stack(0x00000072ba700000,0x00000072ba800000) (1024K)]
  0x0000020fe4b56d80 JavaThread "Compiler Class File Writer" daemon [_thread_blocked, id=15036, stack(0x00000072ba900000,0x00000072baa00000) (1024K)]
  0x0000020fe4b55340 JavaThread "Compiler Class File Writer" daemon [_thread_blocked, id=24600, stack(0x00000072baa00000,0x00000072bab00000) (1024K)]
  0x0000020fe4b58e50 JavaThread "Compiler Class File Writer" daemon [_thread_blocked, id=23692, stack(0x00000072bab00000,0x00000072bac00000) (1024K)]
  0x0000020fe4b559d0 JavaThread "Compiler Class File Writer" daemon [_thread_blocked, id=1188, stack(0x00000072bac00000,0x00000072bad00000) (1024K)]
  0x0000020fe4b594e0 JavaThread "Compiler Class File Writer" daemon [_thread_blocked, id=15816, stack(0x00000072bad00000,0x00000072bae00000) (1024K)]
  0x0000020fe30047c0 JavaThread "Compiler Class File Writer" daemon [_thread_blocked, id=20776, stack(0x00000072bae00000,0x00000072baf00000) (1024K)]
  0x0000020fe3002d80 JavaThread "ForkJoinPool.commonPool-worker-2" daemon [_thread_blocked, id=13844, stack(0x00000072b6300000,0x00000072b6400000) (1024K)]
  0x0000020fe3006890 JavaThread "ForkJoinPool.commonPool-worker-3" daemon [_thread_blocked, id=26932, stack(0x00000072bb000000,0x00000072bb100000) (1024K)]
  0x0000020fe3003410 JavaThread "ForkJoinPool.commonPool-worker-4" daemon [_thread_blocked, id=27940, stack(0x00000072bb100000,0x00000072bb200000) (1024K)]
  0x0000020fe3007c40 JavaThread "ForkJoinPool.commonPool-worker-5" daemon [_thread_blocked, id=23500, stack(0x00000072bb200000,0x00000072bb300000) (1024K)]
  0x0000020fe3004e50 JavaThread "ForkJoinPool.commonPool-worker-6" daemon [_thread_blocked, id=8952, stack(0x00000072bb300000,0x00000072bb400000) (1024K)]
  0x0000020fe3008960 JavaThread "ForkJoinPool.commonPool-worker-7" daemon [_thread_blocked, id=25416, stack(0x00000072bb400000,0x00000072bb500000) (1024K)]
Total: 57

Other Threads:
  0x0000020f82e20ae0 VMThread "VM Thread"                           [id=22020, stack(0x00000072b6900000,0x00000072b6a00000) (1024K)]
  0x0000020f82f1c100 WatcherThread "VM Periodic Task Thread"        [id=12044, stack(0x00000072b6800000,0x00000072b6900000) (1024K)]
  0x0000020f82ecb020 WorkerThread "GC Thread#0"                     [id=10616, stack(0x00000072b6700000,0x00000072b6800000) (1024K)]
  0x0000020fdc7ef170 WorkerThread "GC Thread#1"                     [id=15116, stack(0x00000072b7500000,0x00000072b7600000) (1024K)]
  0x0000020fdcb62110 WorkerThread "GC Thread#2"                     [id=23088, stack(0x00000072b7600000,0x00000072b7700000) (1024K)]
  0x0000020fdcb624c0 WorkerThread "GC Thread#3"                     [id=17888, stack(0x00000072b7700000,0x00000072b7800000) (1024K)]
  0x0000020fdc7edb40 WorkerThread "GC Thread#4"                     [id=19108, stack(0x00000072b7800000,0x00000072b7900000) (1024K)]
  0x0000020fdc7edef0 WorkerThread "GC Thread#5"                     [id=10296, stack(0x00000072b7900000,0x00000072b7a00000) (1024K)]
  0x0000020fdca8ceb0 WorkerThread "GC Thread#6"                     [id=27064, stack(0x00000072b7a00000,0x00000072b7b00000) (1024K)]
  0x0000020fdc98b6f0 WorkerThread "GC Thread#7"                     [id=13096, stack(0x00000072b7200000,0x00000072b7300000) (1024K)]
Total: 10

Threads with active compile tasks:
Total: 0

VM state: not at safepoint (normal execution)

VM Mutex/Monitor currently owned by a thread: None

Heap address: 0x0000000080000000, size: 2048 MB, Compressed Oops mode: 32-bit

CDS archive(s) mapped at: [0x0000020f9a000000-0x0000020f9aba0000-0x0000020f9aba0000), size 12189696, SharedBaseAddress: 0x0000020f9a000000, ArchiveRelocationMode: 1.
Compressed class space mapped at: 0x0000020f9b000000-0x0000020fdb000000, reserved size: 1073741824
Narrow klass base: 0x0000020f9a000000, Narrow klass shift: 0, Narrow klass range: 0x100000000

GC Precious Log:
 CardTable entry size: 512
 CPUs: 8 total, 8 available
 Memory: 7959M
 Large Page Support: Disabled
 NUMA Support: Disabled
 Compressed Oops: Enabled (32-bit)
 Alignments: Space 512K, Generation 512K, Heap 2M
 Heap Min Capacity: 100M
 Heap Initial Capacity: 100M
 Heap Max Capacity: 2G
 Pre-touch: Disabled
 Parallel Workers: 8

Heap:
 PSYoungGen      total 5632K, used 688K [0x00000000d5580000, 0x00000000d5d00000, 0x0000000100000000)
  eden space 5120K, 6% used [0x00000000d5580000,0x00000000d55d5128,0x00000000d5a80000)
  from space 512K, 67% used [0x00000000d5c80000,0x00000000d5cd7018,0x00000000d5d00000)
  to   space 512K, 0% used [0x00000000d5c00000,0x00000000d5c00000,0x00000000d5c80000)
 ParOldGen       total 132096K, used 131812K [0x0000000080000000, 0x0000000088100000, 0x00000000d5580000)
  object space 132096K, 99% used [0x0000000080000000,0x00000000880b92c0,0x0000000088100000)
 Metaspace       used 67306K, committed 68736K, reserved 1114112K
  class space    used 6964K, committed 7616K, reserved 1048576K

Card table byte_map: [0x0000020f82850000,0x0000020f82c60000] _byte_map_base: 0x0000020f82450000

Marking Bits: (ParMarkBitMap*) 0x00007ff9e7fd3450
 Begin Bits: [0x0000020f95360000, 0x0000020f97360000)
 End Bits:   [0x0000020f97360000, 0x0000020f99360000)

Polling page: 0x0000020f80e50000

Metaspace:

Usage:
  Non-class:     58.93 MB used.
      Class:      6.80 MB used.
       Both:     65.73 MB used.

Virtual space:
  Non-class space:       64.00 MB reserved,      59.69 MB ( 93%) committed,  1 nodes.
      Class space:        1.00 GB reserved,       7.44 MB ( <1%) committed,  1 nodes.
             Both:        1.06 GB reserved,      67.12 MB (  6%) committed. 

Chunk freelists:
   Non-Class:  3.41 MB
       Class:  8.50 MB
        Both:  11.91 MB

MaxMetaspaceSize: unlimited
CompressedClassSpaceSize: 1.00 GB
Initial GC threshold: 21.00 MB
Current GC threshold: 97.31 MB
CDS: on
 - commit_granule_bytes: 65536.
 - commit_granule_words: 8192.
 - virtual_space_node_default_size: 8388608.
 - enlarge_chunks_in_place: 1.
 - use_allocation_guard: 0.


Internal statistics:

num_allocs_failed_limit: 9.
num_arena_births: 1310.
num_arena_deaths: 16.
num_vsnodes_births: 2.
num_vsnodes_deaths: 0.
num_space_committed: 1074.
num_space_uncommitted: 0.
num_chunks_returned_to_freelist: 25.
num_chunks_taken_from_freelist: 4708.
num_chunk_merges: 15.
num_chunk_splits: 2790.
num_chunks_enlarged: 1397.
num_inconsistent_stats: 0.

CodeHeap 'non-profiled nmethods': size=120000Kb used=8707Kb max_used=8707Kb free=111292Kb
 bounds [0x0000020f8db80000, 0x0000020f8e410000, 0x0000020f950b0000]
CodeHeap 'profiled nmethods': size=120000Kb used=30288Kb max_used=30288Kb free=89711Kb
 bounds [0x0000020f860b0000, 0x0000020f87e50000, 0x0000020f8d5e0000]
CodeHeap 'non-nmethods': size=5760Kb used=1447Kb max_used=1521Kb free=4312Kb
 bounds [0x0000020f8d5e0000, 0x0000020f8d850000, 0x0000020f8db80000]
CodeCache: size=245760Kb, used=40442Kb, max_used=40516Kb, free=205315Kb
 total_blobs=14167, nmethods=13417, adapters=653, full_count=0
Compilation: enabled, stopped_count=0, restarted_count=0

Compilation events (20 events):
Event: 36.818 Thread 0x0000020fdc1122e0 14192       4       lombok.eclipse.EclipseASTAdapter::visitAnnotationOnMethod (1 bytes)
Event: 36.819 Thread 0x0000020fdc1122e0 nmethod 14192 0x0000020f8e3ed610 code [0x0000020f8e3ed7a0, 0x0000020f8e3ed828]
Event: 36.819 Thread 0x0000020fdc1122e0 14059       4       java.lang.reflect.Field::getOverrideFieldAccessor (18 bytes)
Event: 36.820 Thread 0x0000020fdc1122e0 nmethod 14059 0x0000020f8e3ed910 code [0x0000020f8e3edaa0, 0x0000020f8e3edb60]
Event: 36.820 Thread 0x0000020fdc1122e0 14171       4       java.util.Stack::push (7 bytes)
Event: 36.826 Thread 0x0000020f82e58580 nmethod 14046 0x0000020f8e3edc10 code [0x0000020f8e3eddc0, 0x0000020f8e3ee300]
Event: 36.832 Thread 0x0000020fdc1122e0 nmethod 14171 0x0000020f8e3ee590 code [0x0000020f8e3ee740, 0x0000020f8e3eeb00]
Event: 36.875 Thread 0x0000020fdc1129b0 nmethod 14152 0x0000020f8e3eed10 code [0x0000020f8e3f2ec0, 0x0000020f8e3f8fd8]
Event: 64.120 Thread 0x0000020fdc110e70 14232       3       java.util.concurrent.ThreadPoolExecutor$Worker::unlock (7 bytes)
Event: 64.121 Thread 0x0000020fdc110e70 nmethod 14232 0x0000020f87e42590 code [0x0000020f87e42760, 0x0000020f87e429b8]
Event: 64.122 Thread 0x0000020fdc110e70 14233       3       java.util.concurrent.ThreadPoolExecutor$Worker::tryRelease (12 bytes)
Event: 64.122 Thread 0x0000020fdc110e70 nmethod 14233 0x0000020f87e42b10 code [0x0000020f87e42ca0, 0x0000020f87e42e08]
Event: 101.285 Thread 0x0000020fdc110e70 14234       3       java.util.concurrent.ScheduledThreadPoolExecutor::canRunInCurrentRunState (61 bytes)
Event: 101.289 Thread 0x0000020fdc110e70 nmethod 14234 0x0000020f87e42e90 code [0x0000020f87e430a0, 0x0000020f87e43850]
Event: 124.131 Thread 0x0000020fdc110e70 14235       1       java.util.concurrent.ThreadPoolExecutor::getQueue (5 bytes)
Event: 124.132 Thread 0x0000020fdc110e70 nmethod 14235 0x0000020f8e400910 code [0x0000020f8e400aa0, 0x0000020f8e400b68]
Event: 131.318 Thread 0x0000020fdc110e70 14236       3       java.util.concurrent.locks.AbstractQueuedSynchronizer$ConditionObject::canReacquire (38 bytes)
Event: 131.321 Thread 0x0000020fdc110e70 nmethod 14236 0x0000020f87e43a90 code [0x0000020f87e43c60, 0x0000020f87e43fa8]
Event: 141.324 Thread 0x0000020f82e58580 14237       4       jdk.internal.misc.Unsafe::putReferenceOpaque (9 bytes)
Event: 141.327 Thread 0x0000020f82e58580 nmethod 14237 0x0000020f8e400c10 code [0x0000020f8e400da0, 0x0000020f8e400e50]

GC Heap History (20 events):
Event: 33.611 GC heap before
{Heap before GC invocations=94 (full 3):
 PSYoungGen      total 5632K, used 5600K [0x00000000d5580000, 0x00000000d5d80000, 0x0000000100000000)
  eden space 5120K, 100% used [0x00000000d5580000,0x00000000d5a80000,0x00000000d5a80000)
  from space 512K, 93% used [0x00000000d5d00000,0x00000000d5d78020,0x00000000d5d80000)
  to   space 1024K, 0% used [0x00000000d5b80000,0x00000000d5b80000,0x00000000d5c80000)
 ParOldGen       total 129536K, used 129138K [0x0000000080000000, 0x0000000087e80000, 0x00000000d5580000)
  object space 129536K, 99% used [0x0000000080000000,0x0000000087e1cb28,0x0000000087e80000)
 Metaspace       used 66245K, committed 67712K, reserved 1114112K
  class space    used 6847K, committed 7552K, reserved 1048576K
}
Event: 33.620 GC heap after
{Heap after GC invocations=94 (full 3):
 PSYoungGen      total 6144K, used 704K [0x00000000d5580000, 0x00000000d5d80000, 0x0000000100000000)
  eden space 5120K, 0% used [0x00000000d5580000,0x00000000d5580000,0x00000000d5a80000)
  from space 1024K, 68% used [0x00000000d5b80000,0x00000000d5c30298,0x00000000d5c80000)
  to   space 1024K, 0% used [0x00000000d5c80000,0x00000000d5c80000,0x00000000d5d80000)
 ParOldGen       total 130048K, used 129618K [0x0000000080000000, 0x0000000087f00000, 0x00000000d5580000)
  object space 130048K, 99% used [0x0000000080000000,0x0000000087e94b38,0x0000000087f00000)
 Metaspace       used 66245K, committed 67712K, reserved 1114112K
  class space    used 6847K, committed 7552K, reserved 1048576K
}
Event: 34.783 GC heap before
{Heap before GC invocations=95 (full 3):
 PSYoungGen      total 6144K, used 5824K [0x00000000d5580000, 0x00000000d5d80000, 0x0000000100000000)
  eden space 5120K, 100% used [0x00000000d5580000,0x00000000d5a80000,0x00000000d5a80000)
  from space 1024K, 68% used [0x00000000d5b80000,0x00000000d5c30298,0x00000000d5c80000)
  to   space 1024K, 0% used [0x00000000d5c80000,0x00000000d5c80000,0x00000000d5d80000)
 ParOldGen       total 130048K, used 129618K [0x0000000080000000, 0x0000000087f00000, 0x00000000d5580000)
  object space 130048K, 99% used [0x0000000080000000,0x0000000087e94b38,0x0000000087f00000)
 Metaspace       used 66483K, committed 67968K, reserved 1114112K
  class space    used 6861K, committed 7552K, reserved 1048576K
}
Event: 34.788 GC heap after
{Heap after GC invocations=95 (full 3):
 PSYoungGen      total 6144K, used 704K [0x00000000d5580000, 0x00000000d5d80000, 0x0000000100000000)
  eden space 5120K, 0% used [0x00000000d5580000,0x00000000d5580000,0x00000000d5a80000)
  from space 1024K, 68% used [0x00000000d5c80000,0x00000000d5d30010,0x00000000d5d80000)
  to   space 1024K, 0% used [0x00000000d5b80000,0x00000000d5b80000,0x00000000d5c80000)
 ParOldGen       total 130048K, used 130034K [0x0000000080000000, 0x0000000087f00000, 0x00000000d5580000)
  object space 130048K, 99% used [0x0000000080000000,0x0000000087efcb38,0x0000000087f00000)
 Metaspace       used 66483K, committed 67968K, reserved 1114112K
  class space    used 6861K, committed 7552K, reserved 1048576K
}
Event: 34.975 GC heap before
{Heap before GC invocations=96 (full 3):
 PSYoungGen      total 6144K, used 5824K [0x00000000d5580000, 0x00000000d5d80000, 0x0000000100000000)
  eden space 5120K, 100% used [0x00000000d5580000,0x00000000d5a80000,0x00000000d5a80000)
  from space 1024K, 68% used [0x00000000d5c80000,0x00000000d5d30010,0x00000000d5d80000)
  to   space 1024K, 0% used [0x00000000d5b80000,0x00000000d5b80000,0x00000000d5c80000)
 ParOldGen       total 130048K, used 130034K [0x0000000080000000, 0x0000000087f00000, 0x00000000d5580000)
  object space 130048K, 99% used [0x0000000080000000,0x0000000087efcb38,0x0000000087f00000)
 Metaspace       used 66587K, committed 68032K, reserved 1114112K
  class space    used 6870K, committed 7552K, reserved 1048576K
}
Event: 34.981 GC heap after
{Heap after GC invocations=96 (full 3):
 PSYoungGen      total 6144K, used 308K [0x00000000d5580000, 0x00000000d5d00000, 0x0000000100000000)
  eden space 5120K, 0% used [0x00000000d5580000,0x00000000d5580000,0x00000000d5a80000)
  from space 1024K, 30% used [0x00000000d5b80000,0x00000000d5bcd200,0x00000000d5c80000)
  to   space 512K, 0% used [0x00000000d5c80000,0x00000000d5c80000,0x00000000d5d00000)
 ParOldGen       total 131072K, used 130656K [0x0000000080000000, 0x0000000088000000, 0x00000000d5580000)
  object space 131072K, 99% used [0x0000000080000000,0x0000000087f98070,0x0000000088000000)
 Metaspace       used 66587K, committed 68032K, reserved 1114112K
  class space    used 6870K, committed 7552K, reserved 1048576K
}
Event: 35.074 GC heap before
{Heap before GC invocations=97 (full 3):
 PSYoungGen      total 6144K, used 5415K [0x00000000d5580000, 0x00000000d5d00000, 0x0000000100000000)
  eden space 5120K, 99% used [0x00000000d5580000,0x00000000d5a7cc90,0x00000000d5a80000)
  from space 1024K, 30% used [0x00000000d5b80000,0x00000000d5bcd200,0x00000000d5c80000)
  to   space 512K, 0% used [0x00000000d5c80000,0x00000000d5c80000,0x00000000d5d00000)
 ParOldGen       total 131072K, used 130656K [0x0000000080000000, 0x0000000088000000, 0x00000000d5580000)
  object space 131072K, 99% used [0x0000000080000000,0x0000000087f98070,0x0000000088000000)
 Metaspace       used 66592K, committed 68032K, reserved 1114112K
  class space    used 6870K, committed 7552K, reserved 1048576K
}
Event: 35.077 GC heap after
{Heap after GC invocations=97 (full 3):
 PSYoungGen      total 5632K, used 384K [0x00000000d5580000, 0x00000000d5d00000, 0x0000000100000000)
  eden space 5120K, 0% used [0x00000000d5580000,0x00000000d5580000,0x00000000d5a80000)
  from space 512K, 75% used [0x00000000d5c80000,0x00000000d5ce0020,0x00000000d5d00000)
  to   space 512K, 0% used [0x00000000d5c00000,0x00000000d5c00000,0x00000000d5c80000)
 ParOldGen       total 131072K, used 130876K [0x0000000080000000, 0x0000000088000000, 0x00000000d5580000)
  object space 131072K, 99% used [0x0000000080000000,0x0000000087fcf270,0x0000000088000000)
 Metaspace       used 66592K, committed 68032K, reserved 1114112K
  class space    used 6870K, committed 7552K, reserved 1048576K
}
Event: 35.133 GC heap before
{Heap before GC invocations=98 (full 3):
 PSYoungGen      total 5632K, used 5447K [0x00000000d5580000, 0x00000000d5d00000, 0x0000000100000000)
  eden space 5120K, 98% used [0x00000000d5580000,0x00000000d5a71d38,0x00000000d5a80000)
  from space 512K, 75% used [0x00000000d5c80000,0x00000000d5ce0020,0x00000000d5d00000)
  to   space 512K, 0% used [0x00000000d5c00000,0x00000000d5c00000,0x00000000d5c80000)
 ParOldGen       total 131072K, used 130876K [0x0000000080000000, 0x0000000088000000, 0x00000000d5580000)
  object space 131072K, 99% used [0x0000000080000000,0x0000000087fcf270,0x0000000088000000)
 Metaspace       used 66606K, committed 68032K, reserved 1114112K
  class space    used 6870K, committed 7552K, reserved 1048576K
}
Event: 35.135 GC heap after
{Heap after GC invocations=98 (full 3):
 PSYoungGen      total 5632K, used 224K [0x00000000d5580000, 0x00000000d5d00000, 0x0000000100000000)
  eden space 5120K, 0% used [0x00000000d5580000,0x00000000d5580000,0x00000000d5a80000)
  from space 512K, 43% used [0x00000000d5c00000,0x00000000d5c38000,0x00000000d5c80000)
  to   space 512K, 0% used [0x00000000d5c80000,0x00000000d5c80000,0x00000000d5d00000)
 ParOldGen       total 131584K, used 131120K [0x0000000080000000, 0x0000000088080000, 0x00000000d5580000)
  object space 131584K, 99% used [0x0000000080000000,0x000000008800c2a0,0x0000000088080000)
 Metaspace       used 66606K, committed 68032K, reserved 1114112K
  class space    used 6870K, committed 7552K, reserved 1048576K
}
Event: 35.220 GC heap before
{Heap before GC invocations=99 (full 3):
 PSYoungGen      total 5632K, used 5342K [0x00000000d5580000, 0x00000000d5d00000, 0x0000000100000000)
  eden space 5120K, 99% used [0x00000000d5580000,0x00000000d5a7fb58,0x00000000d5a80000)
  from space 512K, 43% used [0x00000000d5c00000,0x00000000d5c38000,0x00000000d5c80000)
  to   space 512K, 0% used [0x00000000d5c80000,0x00000000d5c80000,0x00000000d5d00000)
 ParOldGen       total 131584K, used 131120K [0x0000000080000000, 0x0000000088080000, 0x00000000d5580000)
  object space 131584K, 99% used [0x0000000080000000,0x000000008800c2a0,0x0000000088080000)
 Metaspace       used 66675K, committed 68160K, reserved 1114112K
  class space    used 6880K, committed 7552K, reserved 1048576K
}
Event: 35.222 GC heap after
{Heap after GC invocations=99 (full 3):
 PSYoungGen      total 5632K, used 160K [0x00000000d5580000, 0x00000000d5d00000, 0x0000000100000000)
  eden space 5120K, 0% used [0x00000000d5580000,0x00000000d5580000,0x00000000d5a80000)
  from space 512K, 31% used [0x00000000d5c80000,0x00000000d5ca8000,0x00000000d5d00000)
  to   space 512K, 0% used [0x00000000d5c00000,0x00000000d5c00000,0x00000000d5c80000)
 ParOldGen       total 131584K, used 131168K [0x0000000080000000, 0x0000000088080000, 0x00000000d5580000)
  object space 131584K, 99% used [0x0000000080000000,0x00000000880182a0,0x0000000088080000)
 Metaspace       used 66675K, committed 68160K, reserved 1114112K
  class space    used 6880K, committed 7552K, reserved 1048576K
}
Event: 35.964 GC heap before
{Heap before GC invocations=100 (full 3):
 PSYoungGen      total 5632K, used 5280K [0x00000000d5580000, 0x00000000d5d00000, 0x0000000100000000)
  eden space 5120K, 100% used [0x00000000d5580000,0x00000000d5a80000,0x00000000d5a80000)
  from space 512K, 31% used [0x00000000d5c80000,0x00000000d5ca8000,0x00000000d5d00000)
  to   space 512K, 0% used [0x00000000d5c00000,0x00000000d5c00000,0x00000000d5c80000)
 ParOldGen       total 131584K, used 131168K [0x0000000080000000, 0x0000000088080000, 0x00000000d5580000)
  object space 131584K, 99% used [0x0000000080000000,0x00000000880182a0,0x0000000088080000)
 Metaspace       used 66778K, committed 68224K, reserved 1114112K
  class space    used 6886K, committed 7552K, reserved 1048576K
}
Event: 35.966 GC heap after
{Heap after GC invocations=100 (full 3):
 PSYoungGen      total 5632K, used 387K [0x00000000d5580000, 0x00000000d5d00000, 0x0000000100000000)
  eden space 5120K, 0% used [0x00000000d5580000,0x00000000d5580000,0x00000000d5a80000)
  from space 512K, 75% used [0x00000000d5c00000,0x00000000d5c60d20,0x00000000d5c80000)
  to   space 512K, 0% used [0x00000000d5c80000,0x00000000d5c80000,0x00000000d5d00000)
 ParOldGen       total 131584K, used 131240K [0x0000000080000000, 0x0000000088080000, 0x00000000d5580000)
  object space 131584K, 99% used [0x0000000080000000,0x000000008802a2a0,0x0000000088080000)
 Metaspace       used 66778K, committed 68224K, reserved 1114112K
  class space    used 6886K, committed 7552K, reserved 1048576K
}
Event: 36.236 GC heap before
{Heap before GC invocations=101 (full 3):
 PSYoungGen      total 5632K, used 5507K [0x00000000d5580000, 0x00000000d5d00000, 0x0000000100000000)
  eden space 5120K, 99% used [0x00000000d5580000,0x00000000d5a7fff8,0x00000000d5a80000)
  from space 512K, 75% used [0x00000000d5c00000,0x00000000d5c60d20,0x00000000d5c80000)
  to   space 512K, 0% used [0x00000000d5c80000,0x00000000d5c80000,0x00000000d5d00000)
 ParOldGen       total 131584K, used 131240K [0x0000000080000000, 0x0000000088080000, 0x00000000d5580000)
  object space 131584K, 99% used [0x0000000080000000,0x000000008802a2a0,0x0000000088080000)
 Metaspace       used 67200K, committed 68608K, reserved 1114112K
  class space    used 6961K, committed 7616K, reserved 1048576K
}
Event: 36.238 GC heap after
{Heap after GC invocations=101 (full 3):
 PSYoungGen      total 5632K, used 384K [0x00000000d5580000, 0x00000000d5d00000, 0x0000000100000000)
  eden space 5120K, 0% used [0x00000000d5580000,0x00000000d5580000,0x00000000d5a80000)
  from space 512K, 75% used [0x00000000d5c80000,0x00000000d5ce0000,0x00000000d5d00000)
  to   space 512K, 0% used [0x00000000d5c00000,0x00000000d5c00000,0x00000000d5c80000)
 ParOldGen       total 131584K, used 131360K [0x0000000080000000, 0x0000000088080000, 0x00000000d5580000)
  object space 131584K, 99% used [0x0000000080000000,0x00000000880482a0,0x0000000088080000)
 Metaspace       used 67200K, committed 68608K, reserved 1114112K
  class space    used 6961K, committed 7616K, reserved 1048576K
}
Event: 36.452 GC heap before
{Heap before GC invocations=102 (full 3):
 PSYoungGen      total 5632K, used 5504K [0x00000000d5580000, 0x00000000d5d00000, 0x0000000100000000)
  eden space 5120K, 100% used [0x00000000d5580000,0x00000000d5a80000,0x00000000d5a80000)
  from space 512K, 75% used [0x00000000d5c80000,0x00000000d5ce0000,0x00000000d5d00000)
  to   space 512K, 0% used [0x00000000d5c00000,0x00000000d5c00000,0x00000000d5c80000)
 ParOldGen       total 131584K, used 131360K [0x0000000080000000, 0x0000000088080000, 0x00000000d5580000)
  object space 131584K, 99% used [0x0000000080000000,0x00000000880482a0,0x0000000088080000)
 Metaspace       used 67246K, committed 68672K, reserved 1114112K
  class space    used 6961K, committed 7616K, reserved 1048576K
}
Event: 36.454 GC heap after
{Heap after GC invocations=102 (full 3):
 PSYoungGen      total 5632K, used 486K [0x00000000d5580000, 0x00000000d5d00000, 0x0000000100000000)
  eden space 5120K, 0% used [0x00000000d5580000,0x00000000d5580000,0x00000000d5a80000)
  from space 512K, 94% used [0x00000000d5c00000,0x00000000d5c79958,0x00000000d5c80000)
  to   space 512K, 0% used [0x00000000d5c80000,0x00000000d5c80000,0x00000000d5d00000)
 ParOldGen       total 131584K, used 131508K [0x0000000080000000, 0x0000000088080000, 0x00000000d5580000)
  object space 131584K, 99% used [0x0000000080000000,0x000000008806d2e0,0x0000000088080000)
 Metaspace       used 67246K, committed 68672K, reserved 1114112K
  class space    used 6961K, committed 7616K, reserved 1048576K
}
Event: 68.462 GC heap before
{Heap before GC invocations=103 (full 3):
 PSYoungGen      total 5632K, used 5606K [0x00000000d5580000, 0x00000000d5d00000, 0x0000000100000000)
  eden space 5120K, 100% used [0x00000000d5580000,0x00000000d5a80000,0x00000000d5a80000)
  from space 512K, 94% used [0x00000000d5c00000,0x00000000d5c79958,0x00000000d5c80000)
  to   space 512K, 0% used [0x00000000d5c80000,0x00000000d5c80000,0x00000000d5d00000)
 ParOldGen       total 131584K, used 131508K [0x0000000080000000, 0x0000000088080000, 0x00000000d5580000)
  object space 131584K, 99% used [0x0000000080000000,0x000000008806d2e0,0x0000000088080000)
 Metaspace       used 67302K, committed 68736K, reserved 1114112K
  class space    used 6964K, committed 7616K, reserved 1048576K
}
Event: 68.470 GC heap after
{Heap after GC invocations=103 (full 3):
 PSYoungGen      total 5632K, used 348K [0x00000000d5580000, 0x00000000d5d00000, 0x0000000100000000)
  eden space 5120K, 0% used [0x00000000d5580000,0x00000000d5580000,0x00000000d5a80000)
  from space 512K, 67% used [0x00000000d5c80000,0x00000000d5cd7018,0x00000000d5d00000)
  to   space 512K, 0% used [0x00000000d5c00000,0x00000000d5c00000,0x00000000d5c80000)
 ParOldGen       total 132096K, used 131812K [0x0000000080000000, 0x0000000088100000, 0x00000000d5580000)
  object space 132096K, 99% used [0x0000000080000000,0x00000000880b92c0,0x0000000088100000)
 Metaspace       used 67302K, committed 68736K, reserved 1114112K
  class space    used 6964K, committed 7616K, reserved 1048576K
}

Dll operation events (10 events):
Event: 0.021 Loaded shared library c:\Users\pc\.antigravity\extensions\redhat.java-1.54.0-win32-x64\jre\21.0.10-win32-x86_64\bin\java.dll
Event: 0.249 Loaded shared library c:\Users\pc\.antigravity\extensions\redhat.java-1.54.0-win32-x64\jre\21.0.10-win32-x86_64\bin\zip.dll
Event: 0.317 Loaded shared library C:\Users\pc\.antigravity\extensions\redhat.java-1.54.0-win32-x64\jre\21.0.10-win32-x86_64\bin\instrument.dll
Event: 0.329 Loaded shared library C:\Users\pc\.antigravity\extensions\redhat.java-1.54.0-win32-x64\jre\21.0.10-win32-x86_64\bin\net.dll
Event: 0.336 Loaded shared library C:\Users\pc\.antigravity\extensions\redhat.java-1.54.0-win32-x64\jre\21.0.10-win32-x86_64\bin\nio.dll
Event: 0.344 Loaded shared library C:\Users\pc\.antigravity\extensions\redhat.java-1.54.0-win32-x64\jre\21.0.10-win32-x86_64\bin\zip.dll
Event: 0.384 Loaded shared library C:\Users\pc\.antigravity\extensions\redhat.java-1.54.0-win32-x64\jre\21.0.10-win32-x86_64\bin\jimage.dll
Event: 0.573 Loaded shared library c:\Users\pc\.antigravity\extensions\redhat.java-1.54.0-win32-x64\jre\21.0.10-win32-x86_64\bin\verify.dll
Event: 3.080 Loaded shared library C:\Users\pc\AppData\Roaming\Antigravity\User\globalStorage\redhat.java\1.54.0\config_win\org.eclipse.equinox.launcher\org.eclipse.equinox.launcher.win32.win32.x86_64_1.3.0.v20260203-2149\eclipse_11919.dll
Event: 7.981 Loaded shared library C:\Users\pc\AppData\Local\Temp\jna-3571\jna15817176100369549479.dll

Deoptimization events (20 events):
Event: 36.153 Thread 0x0000020fe10d41e0 Uncommon trap: trap_request=0xffffffc6 fr.pc=0x0000020f8e1491f4 relative=0x0000000000000b94
Event: 36.153 Thread 0x0000020fe10d41e0 Uncommon trap: reason=bimorphic_or_optimized_type_check action=maybe_recompile pc=0x0000020f8e1491f4 method=org.eclipse.jdt.internal.compiler.parser.Parser.consumeToken(Lorg/eclipse/jdt/internal/compiler/parser/TerminalToken;)V @ 1862 c2
Event: 36.153 Thread 0x0000020fe10d41e0 DEOPT PACKING pc=0x0000020f8e1491f4 sp=0x00000072b86fec10
Event: 36.153 Thread 0x0000020fe10d41e0 DEOPT UNPACKING pc=0x0000020f8d636da2 sp=0x00000072b86febb8 mode 2
Event: 36.255 Thread 0x0000020fe10d41e0 DEOPT PACKING pc=0x0000020f8730e4cb sp=0x00000072b86fed80
Event: 36.256 Thread 0x0000020fe10d41e0 DEOPT UNPACKING pc=0x0000020f8d6378e2 sp=0x00000072b86fe2e8 mode 0
Event: 36.277 Thread 0x0000020fe10d41e0 Uncommon trap: trap_request=0xffffffde fr.pc=0x0000020f8e18a21c relative=0x000000000000057c
Event: 36.278 Thread 0x0000020fe10d41e0 Uncommon trap: reason=class_check action=maybe_recompile pc=0x0000020f8e18a21c method=org.eclipse.jdt.internal.compiler.parser.Scanner.atMultiCaseComma()Z @ 33 c2
Event: 36.278 Thread 0x0000020fe10d41e0 DEOPT PACKING pc=0x0000020f8e18a21c sp=0x00000072b86fec30
Event: 36.278 Thread 0x0000020fe10d41e0 DEOPT UNPACKING pc=0x0000020f8d636da2 sp=0x00000072b86feb00 mode 2
Event: 36.279 Thread 0x0000020fe10d41e0 Uncommon trap: trap_request=0xffffffde fr.pc=0x0000020f8e18a21c relative=0x000000000000057c
Event: 36.279 Thread 0x0000020fe10d41e0 Uncommon trap: reason=class_check action=maybe_recompile pc=0x0000020f8e18a21c method=org.eclipse.jdt.internal.compiler.parser.Scanner.atMultiCaseComma()Z @ 33 c2
Event: 36.279 Thread 0x0000020fe10d41e0 DEOPT PACKING pc=0x0000020f8e18a21c sp=0x00000072b86fec30
Event: 36.279 Thread 0x0000020fe10d41e0 DEOPT UNPACKING pc=0x0000020f8d636da2 sp=0x00000072b86feb00 mode 2
Event: 36.320 Thread 0x0000020fe10d41e0 DEOPT PACKING pc=0x0000020f8730e3fe sp=0x00000072b86fec70
Event: 36.320 Thread 0x0000020fe10d41e0 DEOPT UNPACKING pc=0x0000020f8d6378e2 sp=0x00000072b86fe1d0 mode 0
Event: 36.446 Thread 0x0000020fe10d41e0 DEOPT PACKING pc=0x0000020f8730e4cb sp=0x00000072b86fed80
Event: 36.446 Thread 0x0000020fe10d41e0 DEOPT UNPACKING pc=0x0000020f8d6378e2 sp=0x00000072b86fe2e8 mode 0
Event: 36.478 Thread 0x0000020fe10d41e0 DEOPT PACKING pc=0x0000020f871c3065 sp=0x00000072b86fda10
Event: 36.478 Thread 0x0000020fe10d41e0 DEOPT UNPACKING pc=0x0000020f8d6378e2 sp=0x00000072b86fcec8 mode 0

Classes loaded (20 events):
Event: 33.922 Loading class sun/util/resources/cldr/TimeZoneNames
Event: 33.922 Loading class sun/util/resources/TimeZoneNamesBundle
Event: 33.923 Loading class sun/util/resources/OpenListResourceBundle
Event: 33.923 Loading class sun/util/resources/OpenListResourceBundle done
Event: 33.923 Loading class sun/util/resources/TimeZoneNamesBundle done
Event: 33.923 Loading class sun/util/resources/cldr/TimeZoneNames done
Event: 33.924 Loading class sun/util/resources/cldr/TimeZoneNames_en
Event: 33.927 Loading class sun/util/resources/cldr/TimeZoneNames_en done
Event: 33.928 Loading class sun/util/resources/cldr/TimeZoneNames_en_US
Event: 33.928 Loading class sun/util/resources/cldr/TimeZoneNames_en_US done
Event: 33.935 Loading class sun/util/cldr/CLDRBaseLocaleDataMetaInfo$TZCanonicalIDMapHolder
Event: 33.937 Loading class sun/util/cldr/CLDRBaseLocaleDataMetaInfo$TZCanonicalIDMapHolder done
Event: 33.946 Loading class sun/util/resources/TimeZoneNames
Event: 33.950 Loading class sun/util/resources/TimeZoneNames done
Event: 33.952 Loading class sun/util/resources/TimeZoneNames_en
Event: 33.952 Loading class sun/util/resources/TimeZoneNames_en done
Event: 33.995 Loading class java/lang/invoke/MethodHandleImpl$CountingWrapper$1
Event: 33.995 Loading class java/lang/invoke/MethodHandleImpl$CountingWrapper$1 done
Event: 35.165 Loading class java/util/HashMap$EntrySpliterator
Event: 35.166 Loading class java/util/HashMap$EntrySpliterator done

Classes unloaded (8 events):
Event: 8.912 Thread 0x0000020f82e20ae0 Unloading class 0x0000020f9b1af400 'java/lang/invoke/LambdaForm$MH+0x0000020f9b1af400'
Event: 8.912 Thread 0x0000020f82e20ae0 Unloading class 0x0000020f9b1af000 'java/lang/invoke/LambdaForm$MH+0x0000020f9b1af000'
Event: 8.912 Thread 0x0000020f82e20ae0 Unloading class 0x0000020f9b1aec00 'java/lang/invoke/LambdaForm$MH+0x0000020f9b1aec00'
Event: 8.912 Thread 0x0000020f82e20ae0 Unloading class 0x0000020f9b1ae800 'java/lang/invoke/LambdaForm$MH+0x0000020f9b1ae800'
Event: 8.912 Thread 0x0000020f82e20ae0 Unloading class 0x0000020f9b1ae400 'java/lang/invoke/LambdaForm$BMH+0x0000020f9b1ae400'
Event: 8.912 Thread 0x0000020f82e20ae0 Unloading class 0x0000020f9b1ae000 'java/lang/invoke/LambdaForm$DMH+0x0000020f9b1ae000'
Event: 8.912 Thread 0x0000020f82e20ae0 Unloading class 0x0000020f9b1acc00 'java/lang/invoke/LambdaForm$DMH+0x0000020f9b1acc00'
Event: 18.773 Thread 0x0000020f82e20ae0 Unloading class 0x0000020f9b614000 'java/lang/invoke/LambdaForm$MH+0x0000020f9b614000'

Classes redefined (0 events):
No events

Internal exceptions (20 events):
Event: 32.475 Thread 0x0000020fe10d41e0 Exception <a 'sun/nio/fs/WindowsException'{0x00000000d55a5968}> (0x00000000d55a5968) 
thrown [s\src\hotspot\share\prims\jni.cpp, line 520]
Event: 32.476 Thread 0x0000020fe10d41e0 Exception <a 'sun/nio/fs/WindowsException'{0x00000000d55a5f98}> (0x00000000d55a5f98) 
thrown [s\src\hotspot\share\prims\jni.cpp, line 520]
Event: 32.477 Thread 0x0000020fe10d41e0 Exception <a 'sun/nio/fs/WindowsException'{0x00000000d5c01438}> (0x00000000d5c01438) 
thrown [s\src\hotspot\share\prims\jni.cpp, line 520]
Event: 32.477 Thread 0x0000020fe10d41e0 Exception <a 'sun/nio/fs/WindowsException'{0x00000000d5c01a68}> (0x00000000d5c01a68) 
thrown [s\src\hotspot\share\prims\jni.cpp, line 520]
Event: 32.486 Thread 0x0000020fe10d41e0 Exception <a 'java/io/FileNotFoundException'{0x00000000d5c42a38}> (0x00000000d5c42a38) 
thrown [s\src\hotspot\share\prims\jni.cpp, line 520]
Event: 32.487 Thread 0x0000020fe10d41e0 Exception <a 'java/io/FileNotFoundException'{0x00000000d5c97728}> (0x00000000d5c97728) 
thrown [s\src\hotspot\share\prims\jni.cpp, line 520]
Event: 32.859 Thread 0x0000020fe10d41e0 Exception <a 'sun/nio/fs/WindowsException'{0x00000000d5580ba0}> (0x00000000d5580ba0) 
thrown [s\src\hotspot\share\prims\jni.cpp, line 520]
Event: 32.860 Thread 0x0000020fe10d41e0 Exception <a 'sun/nio/fs/WindowsException'{0x00000000d55811d0}> (0x00000000d55811d0) 
thrown [s\src\hotspot\share\prims\jni.cpp, line 520]
Event: 33.034 Thread 0x0000020fe10d41e0 Exception <a 'sun/nio/fs/WindowsException'{0x00000000d5758770}> (0x00000000d5758770) 
thrown [s\src\hotspot\share\prims\jni.cpp, line 520]
Event: 33.035 Thread 0x0000020fe10d41e0 Exception <a 'sun/nio/fs/WindowsException'{0x00000000d5759050}> (0x00000000d5759050) 
thrown [s\src\hotspot\share\prims\jni.cpp, line 520]
Event: 34.801 Thread 0x0000020fe30026f0 Exception <a 'sun/nio/fs/WindowsException'{0x00000000d5614bd0}> (0x00000000d5614bd0) 
thrown [s\src\hotspot\share\prims\jni.cpp, line 520]
Event: 34.801 Thread 0x0000020fe30026f0 Exception <a 'sun/nio/fs/WindowsException'{0x00000000d5616188}> (0x00000000d5616188) 
thrown [s\src\hotspot\share\prims\jni.cpp, line 520]
Event: 34.803 Thread 0x0000020fe30026f0 Exception <a 'sun/nio/fs/WindowsException'{0x00000000d5617128}> (0x00000000d5617128) 
thrown [s\src\hotspot\share\prims\jni.cpp, line 520]
Event: 34.803 Thread 0x0000020fe30026f0 Exception <a 'sun/nio/fs/WindowsException'{0x00000000d56272a8}> (0x00000000d56272a8) 
thrown [s\src\hotspot\share\prims\jni.cpp, line 520]
Event: 34.970 Thread 0x0000020fe30026f0 Exception <a 'sun/nio/fs/WindowsException'{0x00000000d5a3a4b0}> (0x00000000d5a3a4b0) 
thrown [s\src\hotspot\share\prims\jni.cpp, line 520]
Event: 34.971 Thread 0x0000020fe30026f0 Exception <a 'sun/nio/fs/WindowsException'{0x00000000d5a3ad90}> (0x00000000d5a3ad90) 
thrown [s\src\hotspot\share\prims\jni.cpp, line 520]
Event: 35.002 Thread 0x0000020fe30026f0 Exception <a 'sun/nio/fs/WindowsException'{0x00000000d5646c18}> (0x00000000d5646c18) 
thrown [s\src\hotspot\share\prims\jni.cpp, line 520]
Event: 35.003 Thread 0x0000020fe30026f0 Exception <a 'sun/nio/fs/WindowsException'{0x00000000d5647750}> (0x00000000d5647750) 
thrown [s\src\hotspot\share\prims\jni.cpp, line 520]
Event: 35.175 Thread 0x0000020fe10d41e0 Exception <a 'java/lang/NoSuchMethodError'{0x00000000d57f8ea0}: 'java.lang.Object java.lang.invoke.DirectMethodHandle$Holder.invokeSpecial(java.lang.Object, java.lang.Object, int, long)'> (0x00000000d57f8ea0) 
thrown [s\src\hotspot\share\interpreter\linkResolver.cpp, line 773]
Event: 80.727 Thread 0x0000020fe2e58a40 Exception <a 'java/lang/IncompatibleClassChangeError'{0x00000000d5589ff0}: Found class java.lang.Object, but interface was expected> (0x00000000d5589ff0) 
thrown [s\src\hotspot\share\interpreter\linkResolver.cpp, line 840]

ZGC Phase Switch (0 events):
No events

VM Operations (20 events):
Event: 36.015 Executing non-safepoint VM operation: HandshakeAllThreads (Deoptimize)
Event: 36.015 Executing non-safepoint VM operation: HandshakeAllThreads (Deoptimize) done
Event: 36.026 Executing non-safepoint VM operation: HandshakeAllThreads (Deoptimize)
Event: 36.026 Executing non-safepoint VM operation: HandshakeAllThreads (Deoptimize) done
Event: 36.235 Executing safepoint VM operation: ParallelGCFailedAllocation (Allocation Failure)
Event: 36.238 Executing safepoint VM operation: ParallelGCFailedAllocation (Allocation Failure) done
Event: 36.451 Executing safepoint VM operation: ParallelGCFailedAllocation (Allocation Failure)
Event: 36.454 Executing safepoint VM operation: ParallelGCFailedAllocation (Allocation Failure) done
Event: 37.461 Executing safepoint VM operation: Cleanup
Event: 37.461 Executing safepoint VM operation: Cleanup done
Event: 41.480 Executing safepoint VM operation: Cleanup
Event: 41.480 Executing safepoint VM operation: Cleanup done
Event: 60.076 Executing non-safepoint VM operation: HandshakeAllThreads (HandshakeForDeflation)
Event: 60.076 Executing non-safepoint VM operation: HandshakeAllThreads (HandshakeForDeflation) done
Event: 60.076 Executing non-safepoint VM operation: RendezvousGCThreads
Event: 60.076 Executing non-safepoint VM operation: RendezvousGCThreads done
Event: 68.462 Executing safepoint VM operation: ParallelGCFailedAllocation (Allocation Failure)
Event: 68.470 Executing safepoint VM operation: ParallelGCFailedAllocation (Allocation Failure) done
Event: 81.552 Executing safepoint VM operation: Cleanup
Event: 81.552 Executing safepoint VM operation: Cleanup done

Memory protections (0 events):
No events

Nmethod flushes (20 events):
Event: 18.812 Thread 0x0000020f82e20ae0 flushing  nmethod 0x0000020f869f0910
Event: 18.812 Thread 0x0000020f82e20ae0 flushing  nmethod 0x0000020f869ff510
Event: 18.812 Thread 0x0000020f82e20ae0 flushing  nmethod 0x0000020f86a02e10
Event: 18.812 Thread 0x0000020f82e20ae0 flushing  nmethod 0x0000020f86a03790
Event: 18.812 Thread 0x0000020f82e20ae0 flushing  nmethod 0x0000020f86a0a310
Event: 18.812 Thread 0x0000020f82e20ae0 flushing  nmethod 0x0000020f86a19210
Event: 18.812 Thread 0x0000020f82e20ae0 flushing  nmethod 0x0000020f86a4eb10
Event: 18.812 Thread 0x0000020f82e20ae0 flushing  nmethod 0x0000020f86a4f690
Event: 18.812 Thread 0x0000020f82e20ae0 flushing  nmethod 0x0000020f86a50590
Event: 18.812 Thread 0x0000020f82e20ae0 flushing  nmethod 0x0000020f86a50990
Event: 18.812 Thread 0x0000020f82e20ae0 flushing  nmethod 0x0000020f86a56510
Event: 18.812 Thread 0x0000020f82e20ae0 flushing  nmethod 0x0000020f86a5dd10
Event: 18.812 Thread 0x0000020f82e20ae0 flushing  nmethod 0x0000020f86a5e090
Event: 18.812 Thread 0x0000020f82e20ae0 flushing  nmethod 0x0000020f86a62410
Event: 18.812 Thread 0x0000020f82e20ae0 flushing  nmethod 0x0000020f86a63210
Event: 18.812 Thread 0x0000020f82e20ae0 flushing  nmethod 0x0000020f86a63610
Event: 18.812 Thread 0x0000020f82e20ae0 flushing  nmethod 0x0000020f86a63990
Event: 18.812 Thread 0x0000020f82e20ae0 flushing  nmethod 0x0000020f86a63f10
Event: 18.812 Thread 0x0000020f82e20ae0 flushing  nmethod 0x0000020f86a64310
Event: 18.812 Thread 0x0000020f82e20ae0 flushing  nmethod 0x0000020f86a64e10

Events (20 events):
Event: 26.246 Thread 0x0000020fe3004e50 Thread exited: 0x0000020fe3004e50
Event: 27.366 Thread 0x0000020fe10d4f00 Thread added: 0x0000020fe3004e50
Event: 31.405 Thread 0x0000020fe3004e50 Thread exited: 0x0000020fe3004e50
Event: 31.470 Thread 0x0000020fe2e58a40 Thread added: 0x0000020fe3002d80
Event: 31.472 Thread 0x0000020fe2e58a40 Thread added: 0x0000020fe3006890
Event: 31.481 Thread 0x0000020fe2e58a40 Thread added: 0x0000020fe3003410
Event: 32.329 Thread 0x0000020fe3003410 Thread added: 0x0000020fe3007c40
Event: 32.332 Thread 0x0000020fe3006890 Thread added: 0x0000020fe3004e50
Event: 32.529 Thread 0x0000020fe3003410 Thread added: 0x0000020fe3008960
Event: 41.837 Thread 0x0000020fdc1122e0 Thread exited: 0x0000020fdc1122e0
Event: 41.899 Thread 0x0000020fdc1129b0 Thread exited: 0x0000020fdc1129b0
Event: 79.478 Thread 0x0000020fe2e5d270 Thread exited: 0x0000020fe2e5d270
Event: 79.478 Thread 0x0000020fe2e5bec0 Thread exited: 0x0000020fe2e5bec0
Event: 80.839 Thread 0x0000020fe4b587c0 Thread exited: 0x0000020fe4b587c0
Event: 91.892 Thread 0x0000020fe10d1a80 Thread exited: 0x0000020fe10d1a80
Event: 92.720 Thread 0x0000020fe10cdf70 Thread exited: 0x0000020fe10cdf70
Event: 94.918 Thread 0x0000020fe10d4870 Thread exited: 0x0000020fe10d4870
Event: 95.918 Thread 0x0000020fe10d3b50 Thread exited: 0x0000020fe10d3b50
Event: 96.050 Thread 0x0000020fe30026f0 Thread exited: 0x0000020fe30026f0
Event: 139.504 Thread 0x0000020fe2e5cbe0 Thread exited: 0x0000020fe2e5cbe0


Dynamic libraries:
0x00007ff61f070000 - 0x00007ff61f07e000 	c:\Users\pc\.antigravity\extensions\redhat.java-1.54.0-win32-x64\jre\21.0.10-win32-x86_64\bin\java.exe
0x00007ffa85e80000 - 0x00007ffa860e7000 	C:\WINDOWS\SYSTEM32\ntdll.dll
0x00007ffa84c10000 - 0x00007ffa84cd9000 	C:\WINDOWS\System32\KERNEL32.DLL
0x00007ffa83410000 - 0x00007ffa83801000 	C:\WINDOWS\System32\KERNELBASE.dll
0x00007ffa832c0000 - 0x00007ffa8340b000 	C:\WINDOWS\System32\ucrtbase.dll
0x00007ffa79740000 - 0x00007ffa79758000 	c:\Users\pc\.antigravity\extensions\redhat.java-1.54.0-win32-x64\jre\21.0.10-win32-x86_64\bin\jli.dll
0x00007ffa858e0000 - 0x00007ffa85aa5000 	C:\WINDOWS\System32\USER32.dll
0x00007ffa82970000 - 0x00007ffa82997000 	C:\WINDOWS\System32\win32u.dll
0x00007ffa85570000 - 0x00007ffa8559b000 	C:\WINDOWS\System32\GDI32.dll
0x00007ffa6c1e0000 - 0x00007ffa6c1fe000 	c:\Users\pc\.antigravity\extensions\redhat.java-1.54.0-win32-x64\jre\21.0.10-win32-x86_64\bin\VCRUNTIME140.dll
0x00007ffa838c0000 - 0x00007ffa839eb000 	C:\WINDOWS\System32\gdi32full.dll
0x00007ffa83810000 - 0x00007ffa838b3000 	C:\WINDOWS\System32\msvcp_win.dll
0x00007ffa68430000 - 0x00007ffa686c3000 	C:\WINDOWS\WinSxS\amd64_microsoft.windows.common-controls_6595b64144ccf1df_6.0.26100.8037_none_3e092faae333b53b\COMCTL32.dll
0x00007ffa84b60000 - 0x00007ffa84c09000 	C:\WINDOWS\System32\msvcrt.dll
0x00007ffa85360000 - 0x00007ffa85391000 	C:\WINDOWS\System32\IMM32.DLL
0x00007ffa70ef0000 - 0x00007ffa70efc000 	c:\Users\pc\.antigravity\extensions\redhat.java-1.54.0-win32-x64\jre\21.0.10-win32-x86_64\bin\vcruntime140_1.dll
0x00007ffa2f5a0000 - 0x00007ffa2f62d000 	c:\Users\pc\.antigravity\extensions\redhat.java-1.54.0-win32-x64\jre\21.0.10-win32-x86_64\bin\msvcp140.dll
0x00007ff9e7310000 - 0x00007ff9e80b1000 	c:\Users\pc\.antigravity\extensions\redhat.java-1.54.0-win32-x64\jre\21.0.10-win32-x86_64\bin\server\jvm.dll
0x00007ffa84a10000 - 0x00007ffa84acb000 	C:\WINDOWS\System32\ADVAPI32.dll
0x00007ffa85460000 - 0x00007ffa85507000 	C:\WINDOWS\System32\sechost.dll
0x00007ffa855a0000 - 0x00007ffa856b8000 	C:\WINDOWS\System32\RPCRT4.dll
0x00007ffa84ae0000 - 0x00007ffa84b54000 	C:\WINDOWS\System32\WS2_32.dll
0x00007ffa825c0000 - 0x00007ffa8261e000 	C:\WINDOWS\SYSTEM32\POWRPROF.dll
0x00007ffa75bc0000 - 0x00007ffa75bcb000 	C:\WINDOWS\SYSTEM32\VERSION.dll
0x00007ffa80800000 - 0x00007ffa80835000 	C:\WINDOWS\SYSTEM32\WINMM.dll
0x00007ffa825a0000 - 0x00007ffa825b4000 	C:\WINDOWS\SYSTEM32\UMPDC.dll
0x00007ffa814f0000 - 0x00007ffa8150b000 	C:\WINDOWS\SYSTEM32\kernel.appcore.dll
0x00007ffa6f720000 - 0x00007ffa6f72a000 	c:\Users\pc\.antigravity\extensions\redhat.java-1.54.0-win32-x64\jre\21.0.10-win32-x86_64\bin\jimage.dll
0x00007ffa805b0000 - 0x00007ffa807f2000 	C:\WINDOWS\SYSTEM32\DBGHELP.DLL
0x00007ffa85ab0000 - 0x00007ffa85e32000 	C:\WINDOWS\System32\combase.dll
0x00007ffa83d50000 - 0x00007ffa83e27000 	C:\WINDOWS\System32\OLEAUT32.dll
0x00007ffa80570000 - 0x00007ffa805ab000 	C:\WINDOWS\SYSTEM32\dbgcore.DLL
0x00007ffa829a0000 - 0x00007ffa82a45000 	C:\WINDOWS\System32\bcryptPrimitives.dll
0x00007ffa6bfc0000 - 0x00007ffa6bfcf000 	c:\Users\pc\.antigravity\extensions\redhat.java-1.54.0-win32-x64\jre\21.0.10-win32-x86_64\bin\instrument.dll
0x00007ffa6b3d0000 - 0x00007ffa6b3f0000 	c:\Users\pc\.antigravity\extensions\redhat.java-1.54.0-win32-x64\jre\21.0.10-win32-x86_64\bin\java.dll
0x00007ffa841a0000 - 0x00007ffa848ff000 	C:\WINDOWS\System32\SHELL32.dll
0x00007ffa839f0000 - 0x00007ffa83b5a000 	C:\WINDOWS\System32\wintypes.dll
0x00007ffa82a50000 - 0x00007ffa832b4000 	C:\WINDOWS\System32\windows.storage.dll
0x00007ffa84910000 - 0x00007ffa84a07000 	C:\WINDOWS\System32\SHCORE.dll
0x00007ffa83c50000 - 0x00007ffa83cb7000 	C:\WINDOWS\System32\shlwapi.dll
0x00007ffa82680000 - 0x00007ffa826a9000 	C:\WINDOWS\SYSTEM32\profapi.dll
0x00007ffa6b420000 - 0x00007ffa6b438000 	c:\Users\pc\.antigravity\extensions\redhat.java-1.54.0-win32-x64\jre\21.0.10-win32-x86_64\bin\zip.dll
0x00007ffa6be40000 - 0x00007ffa6be50000 	C:\Users\pc\.antigravity\extensions\redhat.java-1.54.0-win32-x64\jre\21.0.10-win32-x86_64\bin\net.dll
0x00007ffa79b00000 - 0x00007ffa79c27000 	C:\WINDOWS\SYSTEM32\WINHTTP.dll
0x00007ffa81a60000 - 0x00007ffa81acb000 	C:\WINDOWS\system32\mswsock.dll
0x00007ffa61620000 - 0x00007ffa61636000 	C:\Users\pc\.antigravity\extensions\redhat.java-1.54.0-win32-x64\jre\21.0.10-win32-x86_64\bin\nio.dll
0x00007ffa6ba30000 - 0x00007ffa6ba40000 	c:\Users\pc\.antigravity\extensions\redhat.java-1.54.0-win32-x64\jre\21.0.10-win32-x86_64\bin\verify.dll
0x00007ffa421e0000 - 0x00007ffa42225000 	C:\Users\pc\AppData\Roaming\Antigravity\User\globalStorage\redhat.java\1.54.0\config_win\org.eclipse.equinox.launcher\org.eclipse.equinox.launcher.win32.win32.x86_64_1.3.0.v20260203-2149\eclipse_11919.dll
0x00007ffa83e30000 - 0x00007ffa83fc5000 	C:\WINDOWS\System32\ole32.dll
0x00007ffa81d40000 - 0x00007ffa81d5b000 	C:\WINDOWS\SYSTEM32\CRYPTSP.dll
0x00007ffa81450000 - 0x00007ffa81489000 	C:\WINDOWS\system32\rsaenh.dll
0x00007ffa81b10000 - 0x00007ffa81b42000 	C:\WINDOWS\SYSTEM32\USERENV.dll
0x00007ffa82650000 - 0x00007ffa8267a000 	C:\WINDOWS\SYSTEM32\bcrypt.dll
0x00007ffa81d60000 - 0x00007ffa81d6c000 	C:\WINDOWS\SYSTEM32\CRYPTBASE.dll
0x00007ffa80f00000 - 0x00007ffa80f33000 	C:\WINDOWS\SYSTEM32\IPHLPAPI.DLL
0x00007ffa84ad0000 - 0x00007ffa84ada000 	C:\WINDOWS\System32\NSI.dll
0x00007ffa33ab0000 - 0x00007ffa33af9000 	C:\Users\pc\AppData\Local\Temp\jna-3571\jna15817176100369549479.dll
0x00007ffa853c0000 - 0x00007ffa853c8000 	C:\WINDOWS\System32\PSAPI.DLL
0x00007ffa79ce0000 - 0x00007ffa79cfd000 	C:\WINDOWS\SYSTEM32\dhcpcsvc6.DLL
0x00007ffa79760000 - 0x00007ffa79783000 	C:\WINDOWS\SYSTEM32\dhcpcsvc.DLL
0x00007ffa81610000 - 0x00007ffa81646000 	C:\WINDOWS\SYSTEM32\ntmarta.dll

JVMTI agents:
c:\Users\pc\.antigravity\extensions\redhat.java-1.54.0-win32-x64\lombok\lombok-1.18.39-4050.jar path:c:\Users\pc\.antigravity\extensions\redhat.java-1.54.0-win32-x64\jre\21.0.10-win32-x86_64\bin\instrument.dll, loaded, initialized, instrumentlib options:none

dbghelp: loaded successfully - version: 4.0.5 - missing functions: none
symbol engine: initialized successfully - sym options: 0x614 - pdb path: .;c:\Users\pc\.antigravity\extensions\redhat.java-1.54.0-win32-x64\jre\21.0.10-win32-x86_64\bin;C:\WINDOWS\SYSTEM32;C:\WINDOWS\WinSxS\amd64_microsoft.windows.common-controls_6595b64144ccf1df_6.0.26100.8037_none_3e092faae333b53b;c:\Users\pc\.antigravity\extensions\redhat.java-1.54.0-win32-x64\jre\21.0.10-win32-x86_64\bin\server;C:\Users\pc\AppData\Roaming\Antigravity\User\globalStorage\redhat.java\1.54.0\config_win\org.eclipse.equinox.launcher\org.eclipse.equinox.launcher.win32.win32.x86_64_1.3.0.v20260203-2149;C:\Users\pc\AppData\Local\Temp\jna-3571

VM Arguments:
jvm_args: --add-modules=ALL-SYSTEM --add-opens=java.base/java.util=ALL-UNNAMED --add-opens=java.base/java.lang=ALL-UNNAMED --add-opens=java.base/sun.nio.fs=ALL-UNNAMED -Declipse.application=org.eclipse.jdt.ls.core.id1 -Dosgi.bundles.defaultStartLevel=4 -Declipse.product=org.eclipse.jdt.ls.core.product -Djava.import.generatesMetadataFilesAtProjectRoot=false -DDetectVMInstallationsJob.disabled=true -Dfile.encoding=utf8 -XX:+UseParallelGC -XX:GCTimeRatio=4 -XX:AdaptiveSizePolicyWeight=90 -Dsun.zip.disableMemoryMapping=true -Xmx2G -Xms100m -Xlog:disable -javaagent:c:\Users\pc\.antigravity\extensions\redhat.java-1.54.0-win32-x64\lombok\lombok-1.18.39-4050.jar -XX:+HeapDumpOnOutOfMemoryError -XX:HeapDumpPath=c:\Users\pc\AppData\Roaming\Antigravity\User\workspaceStorage\8031a5d436490f66bb03453b0c0568b8\redhat.java -Daether.dependencyCollector.impl=bf 
java_command: c:\Users\pc\.antigravity\extensions\redhat.java-1.54.0-win32-x64\server\plugins\org.eclipse.equinox.launcher_1.7.100.v20251111-0406.jar -configuration c:\Users\pc\AppData\Roaming\Antigravity\User\globalStorage\redhat.java\1.54.0\config_win -data c:\Users\pc\AppData\Roaming\Antigravity\User\workspaceStorage\8031a5d436490f66bb03453b0c0568b8\redhat.java\jdt_ws --pipe=\\.\pipe\lsp-366db1f29a6c1ebfa3d20469e05d0809-sock
java_class_path (initial): c:\Users\pc\.antigravity\extensions\redhat.java-1.54.0-win32-x64\server\plugins\org.eclipse.equinox.launcher_1.7.100.v20251111-0406.jar
Launcher Type: SUN_STANDARD

[Global flags]
    uintx AdaptiveSizePolicyWeight                 = 90                                        {product} {command line}
     intx CICompilerCount                          = 4                                         {product} {ergonomic}
    uintx GCTimeRatio                              = 4                                         {product} {command line}
     bool HeapDumpOnOutOfMemoryError               = true                                   {manageable} {command line}
    ccstr HeapDumpPath                             = c:\Users\pc\AppData\Roaming\Antigravity\User\workspaceStorage\8031a5d436490f66bb03453b0c0568b8\redhat.java         {manageable} {command line}
   size_t InitialHeapSize                          = 104857600                                 {product} {command line}
   size_t MaxHeapSize                              = 2147483648                                {product} {command line}
   size_t MaxNewSize                               = 715653120                                 {product} {ergonomic}
   size_t MinHeapDeltaBytes                        = 524288                                    {product} {ergonomic}
   size_t MinHeapSize                              = 104857600                                 {product} {command line}
   size_t NewSize                                  = 34603008                                  {product} {ergonomic}
    uintx NonNMethodCodeHeapSize                   = 5839372                                {pd product} {ergonomic}
    uintx NonProfiledCodeHeapSize                  = 122909434                              {pd product} {ergonomic}
   size_t OldSize                                  = 70254592                                  {product} {ergonomic}
    uintx ProfiledCodeHeapSize                     = 122909434                              {pd product} {ergonomic}
    uintx ReservedCodeCacheSize                    = 251658240                              {pd product} {ergonomic}
     bool SegmentedCodeCache                       = true                                      {product} {ergonomic}
   size_t SoftMaxHeapSize                          = 2147483648                             {manageable} {ergonomic}
     bool UseCompressedOops                        = true                           {product lp64_product} {ergonomic}
     bool UseLargePagesIndividualAllocation        = false                                  {pd product} {ergonomic}
     bool UseParallelGC                            = true                                      {product} {command line}

Logging:
Log output configuration:
 #0: stdout all=off uptime,level,tags foldmultilines=false
 #1: stderr all=off uptime,level,tags foldmultilines=false

Release file:
JAVA_VERSION="21.0.10" 
MODULES="java.base java.compiler java.datatransfer java.xml java.prefs java.desktop java.instrument java.logging java.management java.security.sasl java.naming java.rmi java.management.rmi java.net.http java.scripting java.security.jgss java.transaction.xa java.sql java.sql.rowset java.xml.crypto java.se java.smartcardio jdk.accessibility jdk.internal.jvmstat jdk.attach jdk.charsets jdk.internal.opt jdk.zipfs jdk.compiler jdk.crypto.ec jdk.crypto.cryptoki jdk.crypto.mscapi jdk.dynalink jdk.internal.ed jdk.editpad jdk.hotspot.agent jdk.httpserver jdk.internal.le jdk.internal.vm.ci jdk.internal.vm.compiler jdk.internal.vm.compiler.management jdk.jartool jdk.javadoc jdk.jcmd jdk.management jdk.management.agent jdk.jconsole jdk.jdeps jdk.jdwp.agent jdk.jdi jdk.jfr jdk.jshell jdk.jsobject jdk.jstatd jdk.localedata jdk.management.jfr jdk.naming.dns jdk.naming.rmi jdk.net jdk.nio.mapmode jdk.random jdk.sctp jdk.security.auth jdk.security.jgss jdk.unsupported jdk.unsupported.desktop jdk.xml.dom" 

Environment Variables:
PATH=C:\Program Files\Eclipse Adoptium\jdk-25.0.2.10-hotspot\bin;C:\Program Files\Common Files\Oracle\Java\javapath;C:\Windows\system32;C:\Windows;C:\Windows\System32\Wbem;C:\Windows\System32\WindowsPowerShell\v1.0\;C:\Windows\System32\OpenSSH\;C:\Program Files\NVIDIA Corporation\NVIDIA NvDLISR;C:\WINDOWS\system32;C:\WINDOWS;C:\WINDOWS\System32\Wbem;C:\WINDOWS\System32\WindowsPowerShell\v1.0\;C:\WINDOWS\System32\OpenSSH\;C:\Program Files\dotnet\;C:\Program Files (x86)\Microsoft SQL Server\150\Tools\Binn\;C:\Program Files\Microsoft SQL Server\150\Tools\Binn\;C:\Program Files (x86)\Microsoft SQL Server\150\DTS\Binn\;C:\Program Files\Microsoft SQL Server\150\DTS\Binn\;C:\Program Files\Microsoft SQL Server\Client SDK\ODBC\170\Tools\Binn\;C:\Program Files\nodejs\;C:\Program Files\Git\cmd;C:\Program Files\Docker\Docker\resources\bin;C:\Program Files\Java\jdk-17\bin;C:\Users\pc\AppData\Local\Microsoft\WindowsApps;C:\Users\pc\AppData\Local\atom\bin;C:\Users\pc\AppData\Local\Microsoft\WindowsApps;C:\Users\pc\AppData\Local\GitHubDesktop\bin;C:\Users\pc\AppData\Roaming\npm;C:\Program Files\R\R-4.5.1\bin;C:\Users\pc\AppData\Local\Python\bin;C:\Program Files\JetBrains\PyCharm Community Edition 2022.2.2\bin;;C:\Users\pc\AppData\Local\Python\pythoncore-3.14-64\Lib\site-packages\pip (python 3.14);C:\Program Files\JetBrains\PhpStorm 2025.3.1.1\bin;C:\Users\pc\AppData\Local\Programs\Microsoft VS Code\bin;C:\Users\pc\AppData\Local\Programs\Antigravity\bin
USERNAME=pc
OS=Windows_NT
PROCESSOR_IDENTIFIER=Intel64 Family 6 Model 126 Stepping 5, GenuineIntel
TMP=C:\Users\pc\AppData\Local\Temp
TEMP=C:\Users\pc\AppData\Local\Temp




Periodic native trim disabled

---------------  S Y S T E M  ---------------

OS:
 Windows 11 , 64 bit Build 26100 (10.0.26100.7920)
OS uptime: 2 days 7:30 hours

CPU: total 8 (initial active 8) (4 cores per cpu, 2 threads per core) family 6 model 126 stepping 5 microcode 0xc2, cx8, cmov, fxsr, ht, mmx, 3dnowpref, sse, sse2, sse3, ssse3, sse4.1, sse4.2, popcnt, lzcnt, tsc, tscinvbit, avx, avx2, aes, erms, clmul, bmi1, bmi2, adx, avx512f, avx512dq, avx512cd, avx512bw, avx512vl, sha, fma, vzeroupper, avx512_vpopcntdq, avx512_vpclmulqdq, avx512_vaes, avx512_vnni, clflush, clflushopt, avx512_vbmi2, avx512_vbmi, rdtscp, rdpid, fsrm, gfni, avx512_bitalg, f16c, pku, avx512_ifma
Processor Information for the first 8 processors :
  Max Mhz: 1190, Current Mhz: 991, Mhz Limit: 987

Memory: 4k page, system-wide physical 7959M (801M free)
TotalPageFile size 17959M (AvailPageFile size 52M)
current process WorkingSet (physical memory assigned to process): 335M, peak: 396M
current process commit charge ("private bytes"): 404M, peak: 476M

vm_info: OpenJDK 64-Bit Server VM (21.0.10+7-LTS) for windows-amd64 JRE (21.0.10+7-LTS), built on 2026-01-20T00:00:00Z by "admin" with MS VC++ 17.12 (VS2022)

END.
