#
# There is insufficient memory for the Java Runtime Environment to continue.
# Native memory allocation (mmap) failed to map 132120576 bytes for G1 virtual space
# Possible reasons:
#   The system is out of physical RAM or swap space
#   The process is running with CompressedOops enabled, and the Java Heap may be blocking the growth of the native heap
# Possible solutions:
#   Reduce memory load on the system
#   Increase physical memory or swap space
#   Check if swap backing store is full
#   Decrease Java heap size (-Xmx/-Xms)
#   Decrease number of Java threads
#   Decrease Java thread stack sizes (-Xss)
#   Set larger code cache with -XX:ReservedCodeCacheSize=
#   JVM is running with Unscaled Compressed Oops mode in which the Java heap is
#     placed in the first 4GB address space. The Java Heap base address is the
#     maximum limit for the native heap growth. Please use -XX:HeapBaseMinAddress
#     to set the Java Heap base and to place the Java Heap above 4GB virtual address.
# This output file may be truncated or incomplete.
#
#  Out of Memory Error (os_windows.cpp:3548), pid=5700, tid=20428
#
# JRE version:  (17.0.12+8) (build )
# Java VM: Java HotSpot(TM) 64-Bit Server VM (17.0.12+8-LTS-286, mixed mode, sharing, tiered, compressed oops, compressed class ptrs, g1 gc, windows-amd64)
# No core dump will be written. Minidumps are not enabled by default on client versions of Windows
#

---------------  S U M M A R Y ------------

Command Line: -Dclassworlds.conf=C:\Users\pc\.m2\wrapper\dists\apache-maven-3.9.12\59fe215c0ad6947fea90184bf7add084544567b927287592651fda3782e0e798\bin\m2.conf -Dmaven.home=C:\Users\pc\.m2\wrapper\dists\apache-maven-3.9.12\59fe215c0ad6947fea90184bf7add084544567b927287592651fda3782e0e798 -Dlibrary.jansi.path=C:\Users\pc\.m2\wrapper\dists\apache-maven-3.9.12\59fe215c0ad6947fea90184bf7add084544567b927287592651fda3782e0e798\lib\jansi-native -Dmaven.multiModuleProjectDirectory=C:\Users\pc\OneDrive\Desktop\git\it3030-paf-2026-smart-campus-group\backend org.codehaus.plexus.classworlds.launcher.Launcher spring-boot:run

Host: Intel(R) Core(TM) i5-1035G1 CPU @ 1.00GHz, 8 cores, 7G,  Windows 11 , 64 bit Build 26100 (10.0.26100.7920)
Time: Tue Apr 14 15:48:42 2026 Sri Lanka Standard Time elapsed time: 2.107955 seconds (0d 0h 0m 2s)

---------------  T H R E A D  ---------------

Current thread (0x000001f73dac2000):  JavaThread "Unknown thread" [_thread_in_vm, id=20428, stack(0x0000009b83300000,0x0000009b83400000)]

Stack: [0x0000009b83300000,0x0000009b83400000]
Native frames: (J=compiled Java code, j=interpreted, Vv=VM code, C=native code)
V  [jvm.dll+0x67a04a]
V  [jvm.dll+0x7da4ed]
V  [jvm.dll+0x7dbe33]
V  [jvm.dll+0x7dc4a3]
V  [jvm.dll+0x24508f]
V  [jvm.dll+0x677089]
V  [jvm.dll+0x66bd32]
V  [jvm.dll+0x301fa6]
V  [jvm.dll+0x309546]
V  [jvm.dll+0x359d2e]
V  [jvm.dll+0x359f5f]
V  [jvm.dll+0x2d9078]
V  [jvm.dll+0x2d9fe4]
V  [jvm.dll+0x7aca21]
V  [jvm.dll+0x367591]
V  [jvm.dll+0x78b999]
V  [jvm.dll+0x3ec83f]
V  [jvm.dll+0x3ee471]
C  [jli.dll+0x5297]
C  [ucrtbase.dll+0x37b0]
C  [KERNEL32.DLL+0x2e8d7]
C  [ntdll.dll+0x8c48c]


---------------  P R O C E S S  ---------------

Threads class SMR info:
_java_thread_list=0x00007ffe02c77a18, length=0, elements={
}

Java Threads: ( => current thread )

Other Threads:
  0x000001f73db1fe90 GCTaskThread "GC Thread#0" [stack: 0x0000009b83400000,0x0000009b83500000] [id=15408]
  0x000001f73db31280 ConcurrentGCThread "G1 Main Marker" [stack: 0x0000009b83500000,0x0000009b83600000] [id=3888]
  0x000001f73db31ba0 ConcurrentGCThread "G1 Conc#0" [stack: 0x0000009b83600000,0x0000009b83700000] [id=23624]

[error occurred during error reporting (printing all threads), id 0xc0000005, EXCEPTION_ACCESS_VIOLATION (0xc0000005) at pc=0x00007ffe024a9b67]

VM state: not at safepoint (not fully initialized)

VM Mutex/Monitor currently owned by a thread:  ([mutex/lock_event])
[0x000001f73dac0550] Heap_lock - owner thread: 0x000001f73dac2000

Heap address: 0x0000000083a00000, size: 1990 MB, Compressed Oops mode: 32-bit

CDS archive(s) mapped at: [0x0000000000000000-0x0000000000000000-0x0000000000000000), size 0, SharedBaseAddress: 0x0000000800000000, ArchiveRelocationMode: 1.
Narrow klass base: 0x0000000000000000, Narrow klass shift: 0, Narrow klass range: 0x0

GC Precious Log:
<Empty>

Heap:
 garbage-first heap   total 0K, used 0K [0x0000000083a00000, 0x0000000100000000)
  region size 1024K, 0 young (0K), 0 survivors (0K)

[error occurred during error reporting (printing heap information), id 0xc0000005, EXCEPTION_ACCESS_VIOLATION (0xc0000005) at pc=0x00007ffe02893859]

GC Heap History (0 events):
No events

Deoptimization events (0 events):
No events

Classes unloaded (0 events):
No events

Classes redefined (0 events):
No events

Internal exceptions (0 events):
No events

VM Operations (0 events):
No events

Events (1 events):
Event: 0.069 Loaded shared library C:\Program Files\Java\jdk-17\bin\java.dll


Dynamic libraries:
0x00007ff7a2db0000 - 0x00007ff7a2dc0000 	C:\Program Files\Java\jdk-17\bin\java.exe
0x00007ffec0640000 - 0x00007ffec08a7000 	C:\WINDOWS\SYSTEM32\ntdll.dll
0x00007ffebf2e0000 - 0x00007ffebf3a9000 	C:\WINDOWS\System32\KERNEL32.DLL
0x00007ffebd850000 - 0x00007ffebdc41000 	C:\WINDOWS\System32\KERNELBASE.dll
0x00007ffebe290000 - 0x00007ffebe3db000 	C:\WINDOWS\System32\ucrtbase.dll
0x00007ffeaa750000 - 0x00007ffeaa769000 	C:\Program Files\Java\jdk-17\bin\jli.dll
0x00007ffebea50000 - 0x00007ffebeb0b000 	C:\WINDOWS\System32\ADVAPI32.dll
0x00007ffeaa730000 - 0x00007ffeaa74b000 	C:\Program Files\Java\jdk-17\bin\VCRUNTIME140.dll
0x00007ffebe8f0000 - 0x00007ffebe999000 	C:\WINDOWS\System32\msvcrt.dll
0x00007ffebe9a0000 - 0x00007ffebea47000 	C:\WINDOWS\System32\sechost.dll
0x00007ffebf0d0000 - 0x00007ffebf1e8000 	C:\WINDOWS\System32\RPCRT4.dll
0x00007ffebed70000 - 0x00007ffebef35000 	C:\WINDOWS\System32\USER32.dll
0x00007ffebdc50000 - 0x00007ffebdc77000 	C:\WINDOWS\System32\win32u.dll
0x00007ffea2d10000 - 0x00007ffea2fa3000 	C:\WINDOWS\WinSxS\amd64_microsoft.windows.common-controls_6595b64144ccf1df_6.0.26100.8037_none_3e092faae333b53b\COMCTL32.dll
0x00007ffec05d0000 - 0x00007ffec05fb000 	C:\WINDOWS\System32\GDI32.dll
0x00007ffebde00000 - 0x00007ffebdf2b000 	C:\WINDOWS\System32\gdi32full.dll
0x00007ffebe0a0000 - 0x00007ffebe143000 	C:\WINDOWS\System32\msvcp_win.dll
0x00007ffeb5d40000 - 0x00007ffeb5d4b000 	C:\WINDOWS\SYSTEM32\VERSION.dll
0x00007ffebf090000 - 0x00007ffebf0c1000 	C:\WINDOWS\System32\IMM32.DLL
0x00007ffea7630000 - 0x00007ffea763c000 	C:\Program Files\Java\jdk-17\bin\vcruntime140_1.dll
0x00007ffe309c0000 - 0x00007ffe30a4e000 	C:\Program Files\Java\jdk-17\bin\msvcp140.dll
0x00007ffe021c0000 - 0x00007ffe02da0000 	C:\Program Files\Java\jdk-17\bin\server\jvm.dll
0x00007ffec0190000 - 0x00007ffec0198000 	C:\WINDOWS\System32\PSAPI.DLL
0x00007ffebafc0000 - 0x00007ffebaff5000 	C:\WINDOWS\SYSTEM32\WINMM.dll
0x00007ffe8b1c0000 - 0x00007ffe8b1ca000 	C:\WINDOWS\SYSTEM32\WSOCK32.dll
0x00007ffebf4b0000 - 0x00007ffebf524000 	C:\WINDOWS\System32\WS2_32.dll
0x00007ffebbcb0000 - 0x00007ffebbccb000 	C:\WINDOWS\SYSTEM32\kernel.appcore.dll
0x00007ffea0a70000 - 0x00007ffea0a7a000 	C:\Program Files\Java\jdk-17\bin\jimage.dll
0x00007ffebad70000 - 0x00007ffebafb2000 	C:\WINDOWS\SYSTEM32\DBGHELP.DLL
0x00007ffec0210000 - 0x00007ffec0592000 	C:\WINDOWS\System32\combase.dll
0x00007ffebf200000 - 0x00007ffebf2d7000 	C:\WINDOWS\System32\OLEAUT32.dll
0x00007ffebad30000 - 0x00007ffebad6b000 	C:\WINDOWS\SYSTEM32\dbgcore.DLL
0x00007ffebe150000 - 0x00007ffebe1f5000 	C:\WINDOWS\System32\bcryptPrimitives.dll
0x00007ffe824a0000 - 0x00007ffe824c5000 	C:\Program Files\Java\jdk-17\bin\java.dll

dbghelp: loaded successfully - version: 4.0.5 - missing functions: none
symbol engine: initialized successfully - sym options: 0x614 - pdb path: .;C:\Program Files\Java\jdk-17\bin;C:\WINDOWS\SYSTEM32;C:\WINDOWS\WinSxS\amd64_microsoft.windows.common-controls_6595b64144ccf1df_6.0.26100.8037_none_3e092faae333b53b;C:\Program Files\Java\jdk-17\bin\server

VM Arguments:
jvm_args: -Dclassworlds.conf=C:\Users\pc\.m2\wrapper\dists\apache-maven-3.9.12\59fe215c0ad6947fea90184bf7add084544567b927287592651fda3782e0e798\bin\m2.conf -Dmaven.home=C:\Users\pc\.m2\wrapper\dists\apache-maven-3.9.12\59fe215c0ad6947fea90184bf7add084544567b927287592651fda3782e0e798 -Dlibrary.jansi.path=C:\Users\pc\.m2\wrapper\dists\apache-maven-3.9.12\59fe215c0ad6947fea90184bf7add084544567b927287592651fda3782e0e798\lib\jansi-native -Dmaven.multiModuleProjectDirectory=C:\Users\pc\OneDrive\Desktop\git\it3030-paf-2026-smart-campus-group\backend 
java_command: org.codehaus.plexus.classworlds.launcher.Launcher spring-boot:run
java_class_path (initial): C:\Users\pc\.m2\wrapper\dists\apache-maven-3.9.12\59fe215c0ad6947fea90184bf7add084544567b927287592651fda3782e0e798\boot\plexus-classworlds-2.9.0.jar
Launcher Type: SUN_STANDARD

[Global flags]
     intx CICompilerCount                          = 4                                         {product} {ergonomic}
     uint ConcGCThreads                            = 2                                         {product} {ergonomic}
     uint G1ConcRefinementThreads                  = 8                                         {product} {ergonomic}
   size_t G1HeapRegionSize                         = 1048576                                   {product} {ergonomic}
    uintx GCDrainStackTargetSize                   = 64                                        {product} {ergonomic}
   size_t InitialHeapSize                          = 132120576                                 {product} {ergonomic}
   size_t MarkStackSize                            = 4194304                                   {product} {ergonomic}
   size_t MaxHeapSize                              = 2086666240                                {product} {ergonomic}
   size_t MinHeapDeltaBytes                        = 1048576                                   {product} {ergonomic}
   size_t MinHeapSize                              = 8388608                                   {product} {ergonomic}
    uintx NonNMethodCodeHeapSize                   = 5839372                                {pd product} {ergonomic}
    uintx NonProfiledCodeHeapSize                  = 122909434                              {pd product} {ergonomic}
    uintx ProfiledCodeHeapSize                     = 122909434                              {pd product} {ergonomic}
    uintx ReservedCodeCacheSize                    = 251658240                              {pd product} {ergonomic}
     bool SegmentedCodeCache                       = true                                      {product} {ergonomic}
   size_t SoftMaxHeapSize                          = 2086666240                             {manageable} {ergonomic}
     bool UseCompressedClassPointers               = true                           {product lp64_product} {ergonomic}
     bool UseCompressedOops                        = true                           {product lp64_product} {ergonomic}
     bool UseG1GC                                  = true                                      {product} {ergonomic}
     bool UseLargePagesIndividualAllocation        = false                                  {pd product} {ergonomic}

Logging:
Log output configuration:
 #0: stdout all=warning uptime,level,tags
 #1: stderr all=off uptime,level,tags

Environment Variables:
PATH=C:\Program Files\Common Files\Oracle\Java\javapath;C:\Windows\system32;C:\Windows;C:\Windows\System32\Wbem;C:\Windows\System32\WindowsPowerShell\v1.0\;C:\Windows\System32\OpenSSH\;C:\Program Files\NVIDIA Corporation\NVIDIA NvDLISR;C:\WINDOWS\system32;C:\WINDOWS;C:\WINDOWS\System32\Wbem;C:\WINDOWS\System32\WindowsPowerShell\v1.0\;C:\WINDOWS\System32\OpenSSH\;C:\Program Files\dotnet\;C:\Program Files (x86)\Microsoft SQL Server\150\Tools\Binn\;C:\Program Files\Microsoft SQL Server\150\Tools\Binn\;C:\Program Files (x86)\Microsoft SQL Server\150\DTS\Binn\;C:\Program Files\Microsoft SQL Server\150\DTS\Binn\;C:\Program Files\Microsoft SQL Server\Client SDK\ODBC\170\Tools\Binn\;C:\Program Files\nodejs\;C:\Program Files\Git\cmd;C:\Program Files\Docker\Docker\resources\bin;C:\Program Files\Java\jdk-17\bin;C:\Users\pc\AppData\Local\Microsoft\WindowsApps;C:\Users\pc\AppData\Local\atom\bin;C:\Users\pc\AppData\Local\Microsoft\WindowsApps;C:\Users\pc\AppData\Local\GitHubDesktop\bin;C:\Users\pc\AppData\Roaming\npm;C:\Program Files\R\R-4.5.1\bin;C:\Users\pc\AppData\Local\Python\bin;C:\Program Files\JetBrains\PyCharm Community Edition 2022.2.2\bin;;C:\Users\pc\AppData\Local\Python\pythoncore-3.14-64\Lib\site-packages\pip (python 3.14);C:\Program Files\JetBrains\PhpStorm 2025.3.1.1\bin;C:\Users\pc\AppData\Local\Programs\Microsoft VS Code\bin;C:\Users\pc\AppData\Local\Programs\Antigravity\bin;c:\Users\pc\.antigravity\extensions\vscjava.vscode-java-debug-0.58.5-universal\bundled\scripts\noConfigScripts
USERNAME=pc
LANG=en_US.UTF-8
OS=Windows_NT
PROCESSOR_IDENTIFIER=Intel64 Family 6 Model 126 Stepping 5, GenuineIntel



---------------  S Y S T E M  ---------------

OS:
 Windows 11 , 64 bit Build 26100 (10.0.26100.7920)
OS uptime: 2 days 19:10 hours

CPU: total 8 (initial active 8) (4 cores per cpu, 2 threads per core) family 6 model 126 stepping 5 microcode 0xc2, cx8, cmov, fxsr, ht, mmx, 3dnowpref, sse, sse2, sse3, ssse3, sse4.1, sse4.2, popcnt, lzcnt, tsc, tscinvbit, avx, avx2, aes, erms, clmul, bmi1, bmi2, adx, avx512f, avx512dq, avx512cd, avx512bw, avx512vl, sha, fma, vzeroupper, avx512_vpopcntdq, avx512_vpclmulqdq, avx512_vaes, avx512_vnni, clflush, clflushopt, avx512_vbmi2, avx512_vbmi

Memory: 4k page, system-wide physical 7959M (703M free)
TotalPageFile size 17959M (AvailPageFile size 9M)
current process WorkingSet (physical memory assigned to process): 12M, peak: 12M
current process commit charge ("private bytes"): 60M, peak: 186M

vm_info: Java HotSpot(TM) 64-Bit Server VM (17.0.12+8-LTS-286) for windows-amd64 JRE (17.0.12+8-LTS-286), built on Jun  5 2024 06:46:59 by "mach5one" with MS VC++ 17.6 (VS2022)

END.
